R_EIP_0_0_0 = 0x0
R_DFLAG_0_0_0 = 0x1
R_EAX_0_0_0 = 0x0
R_EBP_0_0_0 = 0x42424242
R_ESP_0_0_0 = 0x12000ff4
R_EIP_0_0_1 = 0x4010ec
R_ESP_4010ec_0_0 = 0x12000ff0L
R_EIP_4010ec_0_0 = 0x4010ecL
R_EIP_4010ec_1_0 = 0x4010edL
R_EBP_4010ed_0_0 = 0x12000ff0L
R_EIP_4010ed_0_0 = 0x4010efL
R_ESP_4010ef_0_0 = 0x12000fccL
R_EIP_4010ef_0_0 = 0x4010f2L
R_ECX_4010f2_0_0 = 0x20L
R_EIP_4010f2_0_0 = 0x4010f7L
R_ESI_4010f7_0_0 = 0x4093a8L
R_EIP_4010f7_0_0 = 0x4010fcL
R_EDI_4010fc_0_0 = 0x12000fcfL
R_EIP_4010fc_0_0 = 0x4010ffL
V_01_4010ff_0_0 = 0x12000ff8L
R_EIP_4010ff_0_0 = 0x4010ffL
R_EDX_4010ff_1_0 = ONE
R_EIP_4010ff_1_0 = 0x401102L
V_01_401102_0_0 = 0x12000ffcL
R_EIP_401102_0_0 = 0x401102L
R_EBX_401102_1_0 = TWO
R_EIP_401102_1_0 = 0x401105L
V_02_401105_0_0 = 0x0
R_EIP_401105_0_0 = 0x401105L
V_03_401105_1_0 = 0x0L
R_EIP_401105_1_0 = 0x401105L
V_04_401105_2_0 = 0x0L
R_EIP_401105_2_0 = 0x401105L
R_EAX_401105_3_0 = 0x0L
R_EIP_401105_3_0 = 0x401105L
R_ESI_401105_4_0 = 0x4093a9L
R_EIP_401105_4_0 = 0x401106L
V_00_401106_0_0 = 0x0L
R_EIP_401106_0_0 = 0x401106L
V_01_401106_1_0 = (R_EBX_401102_1_0 & 0xff)
R_EIP_401106_1_0 = 0x401106L
V_02_401106_2_0 = (0x0 - V_01_401106_1_0)
R_EIP_401106_2_0 = 0x401106L
V_05_401106_3_0 = 0x0L
R_EIP_401106_3_0 = 0x401106L
V_06_401106_4_0 = (V_02_401106_2_0 | 0x0)
R_EIP_401106_4_0 = 0x401106L
R_EAX_401106_5_0 = (0x0 | V_06_401106_4_0)
R_EIP_401106_5_0 = 0x401108L
V_00_401108_0_0 = (R_EAX_401106_5_0 & 0xff)
R_EIP_401108_0_0 = 0x401108L
V_01_401108_1_0 = (R_EDX_4010ff_1_0 & 0xff)
R_EIP_401108_1_0 = 0x401108L
V_02_401108_2_0 = (V_00_401108_0_0 ^ V_01_401108_1_0)
R_EIP_401108_2_0 = 0x401108L
V_04_401108_3_0 = (R_EAX_401106_5_0 & 0xffffff00)
R_EIP_401108_3_0 = 0x401108L
V_05_401108_4_0 = (V_02_401108_2_0 | 0x0)
R_EIP_401108_4_0 = 0x401108L
R_EAX_401108_5_0 = (V_04_401108_3_0 | V_05_401108_4_0)
R_EIP_401108_5_0 = 0x40110aL
V_01_40110a_0_0 = (R_EAX_401108_5_0 & 0xff)
R_EIP_40110a_0_0 = 0x40110aL
R_EIP_40110a_1_0 = 0x40110aL
R_EDI_40110a_2_0 = 0x12000fd0L
R_EIP_40110a_2_0 = 0x40110bL
V_01_40110b_0_0 = 0x1fL
R_EIP_40110b_0_0 = 0x40110bL
V_02_40110b_1_0 = (R_EDX_4010ff_1_0 >> 0x1f)
R_EIP_40110b_1_0 = 0x40110bL
V_03_40110b_2_0 = 0x1L
R_EIP_40110b_2_0 = 0x40110bL
V_04_40110b_3_0 = (R_EDX_4010ff_1_0 << 0x1)
R_EIP_40110b_3_0 = 0x40110bL
R_EDX_40110b_4_0 = (V_04_40110b_3_0 | V_02_40110b_1_0)
R_EIP_40110b_4_0 = 0x40110dL
V_01_40110d_0_0 = 0x1fL
R_EIP_40110d_0_0 = 0x40110dL
V_02_40110d_1_0 = (R_EBX_401102_1_0 >> 0x1f)
R_EIP_40110d_1_0 = 0x40110dL
V_03_40110d_2_0 = 0x1L
R_EIP_40110d_2_0 = 0x40110dL
V_04_40110d_3_0 = (R_EBX_401102_1_0 << 0x1)
R_EIP_40110d_3_0 = 0x40110dL
R_EBX_40110d_4_0 = (V_04_40110d_3_0 | V_02_40110d_1_0)
R_EIP_40110d_4_0 = 0x40110fL
R_ECX_40110f_0_0 = 0x1fL
R_EIP_40110f_0_0 = 0x40110fL
V_03_40110f_1_0 = 0x0
R_EIP_40110f_1_0 = 0x40110fL
V_02_40110f_2_0 = 0x1
R_EIP_40110f_2_0 = 0x40110fL
V_02_401105_0_1 = 0x1
R_EIP_401105_0_1 = 0x401105L
V_03_401105_1_1 = (R_EAX_401108_5_0 & 0xffffff00)
R_EIP_401105_1_1 = 0x401105L
V_04_401105_2_1 = 0x1L
R_EIP_401105_2_1 = 0x401105L
R_EAX_401105_3_1 = (V_03_401105_1_1 | 0x1)
R_EIP_401105_3_1 = 0x401105L
R_ESI_401105_4_1 = 0x4093aaL
R_EIP_401105_4_1 = 0x401106L
V_00_401106_0_1 = (R_EAX_401105_3_1 & 0xff)
R_EIP_401106_0_1 = 0x401106L
V_01_401106_1_1 = (R_EBX_40110d_4_0 & 0xff)
R_EIP_401106_1_1 = 0x401106L
V_02_401106_2_1 = (V_00_401106_0_1 - V_01_401106_1_1)
R_EIP_401106_2_1 = 0x401106L
V_05_401106_3_1 = (R_EAX_401105_3_1 & 0xffffff00)
R_EIP_401106_3_1 = 0x401106L
V_06_401106_4_1 = (V_02_401106_2_1 | 0x0)
R_EIP_401106_4_1 = 0x401106L
R_EAX_401106_5_1 = (V_05_401106_3_1 | V_06_401106_4_1)
R_EIP_401106_5_1 = 0x401108L
V_00_401108_0_1 = (R_EAX_401106_5_1 & 0xff)
R_EIP_401108_0_1 = 0x401108L
V_01_401108_1_1 = (R_EDX_40110b_4_0 & 0xff)
R_EIP_401108_1_1 = 0x401108L
V_02_401108_2_1 = (V_00_401108_0_1 ^ V_01_401108_1_1)
R_EIP_401108_2_1 = 0x401108L
V_04_401108_3_1 = (R_EAX_401106_5_1 & 0xffffff00)
R_EIP_401108_3_1 = 0x401108L
V_05_401108_4_1 = (V_02_401108_2_1 | 0x0)
R_EIP_401108_4_1 = 0x401108L
R_EAX_401108_5_1 = (V_04_401108_3_1 | V_05_401108_4_1)
R_EIP_401108_5_1 = 0x40110aL
V_01_40110a_0_1 = (R_EAX_401108_5_1 & 0xff)
R_EIP_40110a_0_1 = 0x40110aL
R_EIP_40110a_1_1 = 0x40110aL
R_EDI_40110a_2_1 = 0x12000fd1L
R_EIP_40110a_2_1 = 0x40110bL
V_01_40110b_0_1 = 0x1fL
R_EIP_40110b_0_1 = 0x40110bL
V_02_40110b_1_1 = (R_EDX_40110b_4_0 >> 0x1f)
R_EIP_40110b_1_1 = 0x40110bL
V_03_40110b_2_1 = 0x1L
R_EIP_40110b_2_1 = 0x40110bL
V_04_40110b_3_1 = (R_EDX_40110b_4_0 << 0x1)
R_EIP_40110b_3_1 = 0x40110bL
R_EDX_40110b_4_1 = (V_04_40110b_3_1 | V_02_40110b_1_1)
R_EIP_40110b_4_1 = 0x40110dL
V_01_40110d_0_1 = 0x1fL
R_EIP_40110d_0_1 = 0x40110dL
V_02_40110d_1_1 = (R_EBX_40110d_4_0 >> 0x1f)
R_EIP_40110d_1_1 = 0x40110dL
V_03_40110d_2_1 = 0x1L
R_EIP_40110d_2_1 = 0x40110dL
V_04_40110d_3_1 = (R_EBX_40110d_4_0 << 0x1)
R_EIP_40110d_3_1 = 0x40110dL
R_EBX_40110d_4_1 = (V_04_40110d_3_1 | V_02_40110d_1_1)
R_EIP_40110d_4_1 = 0x40110fL
R_ECX_40110f_0_1 = 0x1eL
R_EIP_40110f_0_1 = 0x40110fL
V_03_40110f_1_1 = 0x0
R_EIP_40110f_1_1 = 0x40110fL
V_02_40110f_2_1 = 0x1
R_EIP_40110f_2_1 = 0x40110fL
V_02_401105_0_2 = 0x2
R_EIP_401105_0_2 = 0x401105L
V_03_401105_1_2 = (R_EAX_401108_5_1 & 0xffffff00)
R_EIP_401105_1_2 = 0x401105L
V_04_401105_2_2 = 0x2L
R_EIP_401105_2_2 = 0x401105L
R_EAX_401105_3_2 = (V_03_401105_1_2 | 0x2)
R_EIP_401105_3_2 = 0x401105L
R_ESI_401105_4_2 = 0x4093abL
R_EIP_401105_4_2 = 0x401106L
V_00_401106_0_2 = (R_EAX_401105_3_2 & 0xff)
R_EIP_401106_0_2 = 0x401106L
V_01_401106_1_2 = (R_EBX_40110d_4_1 & 0xff)
R_EIP_401106_1_2 = 0x401106L
V_02_401106_2_2 = (V_00_401106_0_2 - V_01_401106_1_2)
R_EIP_401106_2_2 = 0x401106L
V_05_401106_3_2 = (R_EAX_401105_3_2 & 0xffffff00)
R_EIP_401106_3_2 = 0x401106L
V_06_401106_4_2 = (V_02_401106_2_2 | 0x0)
R_EIP_401106_4_2 = 0x401106L
R_EAX_401106_5_2 = (V_05_401106_3_2 | V_06_401106_4_2)
R_EIP_401106_5_2 = 0x401108L
V_00_401108_0_2 = (R_EAX_401106_5_2 & 0xff)
R_EIP_401108_0_2 = 0x401108L
V_01_401108_1_2 = (R_EDX_40110b_4_1 & 0xff)
R_EIP_401108_1_2 = 0x401108L
V_02_401108_2_2 = (V_00_401108_0_2 ^ V_01_401108_1_2)
R_EIP_401108_2_2 = 0x401108L
V_04_401108_3_2 = (R_EAX_401106_5_2 & 0xffffff00)
R_EIP_401108_3_2 = 0x401108L
V_05_401108_4_2 = (V_02_401108_2_2 | 0x0)
R_EIP_401108_4_2 = 0x401108L
R_EAX_401108_5_2 = (V_04_401108_3_2 | V_05_401108_4_2)
R_EIP_401108_5_2 = 0x40110aL
V_01_40110a_0_2 = (R_EAX_401108_5_2 & 0xff)
R_EIP_40110a_0_2 = 0x40110aL
R_EIP_40110a_1_2 = 0x40110aL
R_EDI_40110a_2_2 = 0x12000fd2L
R_EIP_40110a_2_2 = 0x40110bL
V_01_40110b_0_2 = 0x1fL
R_EIP_40110b_0_2 = 0x40110bL
V_02_40110b_1_2 = (R_EDX_40110b_4_1 >> 0x1f)
R_EIP_40110b_1_2 = 0x40110bL
V_03_40110b_2_2 = 0x1L
R_EIP_40110b_2_2 = 0x40110bL
V_04_40110b_3_2 = (R_EDX_40110b_4_1 << 0x1)
R_EIP_40110b_3_2 = 0x40110bL
R_EDX_40110b_4_2 = (V_04_40110b_3_2 | V_02_40110b_1_2)
R_EIP_40110b_4_2 = 0x40110dL
V_01_40110d_0_2 = 0x1fL
R_EIP_40110d_0_2 = 0x40110dL
V_02_40110d_1_2 = (R_EBX_40110d_4_1 >> 0x1f)
R_EIP_40110d_1_2 = 0x40110dL
V_03_40110d_2_2 = 0x1L
R_EIP_40110d_2_2 = 0x40110dL
V_04_40110d_3_2 = (R_EBX_40110d_4_1 << 0x1)
R_EIP_40110d_3_2 = 0x40110dL
R_EBX_40110d_4_2 = (V_04_40110d_3_2 | V_02_40110d_1_2)
R_EIP_40110d_4_2 = 0x40110fL
R_ECX_40110f_0_2 = 0x1dL
R_EIP_40110f_0_2 = 0x40110fL
V_03_40110f_1_2 = 0x0
R_EIP_40110f_1_2 = 0x40110fL
V_02_40110f_2_2 = 0x1
R_EIP_40110f_2_2 = 0x40110fL
V_02_401105_0_3 = 0x3
R_EIP_401105_0_3 = 0x401105L
V_03_401105_1_3 = (R_EAX_401108_5_2 & 0xffffff00)
R_EIP_401105_1_3 = 0x401105L
V_04_401105_2_3 = 0x3L
R_EIP_401105_2_3 = 0x401105L
R_EAX_401105_3_3 = (V_03_401105_1_3 | 0x3)
R_EIP_401105_3_3 = 0x401105L
R_ESI_401105_4_3 = 0x4093acL
R_EIP_401105_4_3 = 0x401106L
V_00_401106_0_3 = (R_EAX_401105_3_3 & 0xff)
R_EIP_401106_0_3 = 0x401106L
V_01_401106_1_3 = (R_EBX_40110d_4_2 & 0xff)
R_EIP_401106_1_3 = 0x401106L
V_02_401106_2_3 = (V_00_401106_0_3 - V_01_401106_1_3)
R_EIP_401106_2_3 = 0x401106L
V_05_401106_3_3 = (R_EAX_401105_3_3 & 0xffffff00)
R_EIP_401106_3_3 = 0x401106L
V_06_401106_4_3 = (V_02_401106_2_3 | 0x0)
R_EIP_401106_4_3 = 0x401106L
R_EAX_401106_5_3 = (V_05_401106_3_3 | V_06_401106_4_3)
R_EIP_401106_5_3 = 0x401108L
V_00_401108_0_3 = (R_EAX_401106_5_3 & 0xff)
R_EIP_401108_0_3 = 0x401108L
V_01_401108_1_3 = (R_EDX_40110b_4_2 & 0xff)
R_EIP_401108_1_3 = 0x401108L
V_02_401108_2_3 = (V_00_401108_0_3 ^ V_01_401108_1_3)
R_EIP_401108_2_3 = 0x401108L
V_04_401108_3_3 = (R_EAX_401106_5_3 & 0xffffff00)
R_EIP_401108_3_3 = 0x401108L
V_05_401108_4_3 = (V_02_401108_2_3 | 0x0)
R_EIP_401108_4_3 = 0x401108L
R_EAX_401108_5_3 = (V_04_401108_3_3 | V_05_401108_4_3)
R_EIP_401108_5_3 = 0x40110aL
V_01_40110a_0_3 = (R_EAX_401108_5_3 & 0xff)
R_EIP_40110a_0_3 = 0x40110aL
R_EIP_40110a_1_3 = 0x40110aL
R_EDI_40110a_2_3 = 0x12000fd3L
R_EIP_40110a_2_3 = 0x40110bL
V_01_40110b_0_3 = 0x1fL
R_EIP_40110b_0_3 = 0x40110bL
V_02_40110b_1_3 = (R_EDX_40110b_4_2 >> 0x1f)
R_EIP_40110b_1_3 = 0x40110bL
V_03_40110b_2_3 = 0x1L
R_EIP_40110b_2_3 = 0x40110bL
V_04_40110b_3_3 = (R_EDX_40110b_4_2 << 0x1)
R_EIP_40110b_3_3 = 0x40110bL
R_EDX_40110b_4_3 = (V_04_40110b_3_3 | V_02_40110b_1_3)
R_EIP_40110b_4_3 = 0x40110dL
V_01_40110d_0_3 = 0x1fL
R_EIP_40110d_0_3 = 0x40110dL
V_02_40110d_1_3 = (R_EBX_40110d_4_2 >> 0x1f)
R_EIP_40110d_1_3 = 0x40110dL
V_03_40110d_2_3 = 0x1L
R_EIP_40110d_2_3 = 0x40110dL
V_04_40110d_3_3 = (R_EBX_40110d_4_2 << 0x1)
R_EIP_40110d_3_3 = 0x40110dL
R_EBX_40110d_4_3 = (V_04_40110d_3_3 | V_02_40110d_1_3)
R_EIP_40110d_4_3 = 0x40110fL
R_ECX_40110f_0_3 = 0x1cL
R_EIP_40110f_0_3 = 0x40110fL
V_03_40110f_1_3 = 0x0
R_EIP_40110f_1_3 = 0x40110fL
V_02_40110f_2_3 = 0x1
R_EIP_40110f_2_3 = 0x40110fL
V_02_401105_0_4 = 0x4
R_EIP_401105_0_4 = 0x401105L
V_03_401105_1_4 = (R_EAX_401108_5_3 & 0xffffff00)
R_EIP_401105_1_4 = 0x401105L
V_04_401105_2_4 = 0x4L
R_EIP_401105_2_4 = 0x401105L
R_EAX_401105_3_4 = (V_03_401105_1_4 | 0x4)
R_EIP_401105_3_4 = 0x401105L
R_ESI_401105_4_4 = 0x4093adL
R_EIP_401105_4_4 = 0x401106L
V_00_401106_0_4 = (R_EAX_401105_3_4 & 0xff)
R_EIP_401106_0_4 = 0x401106L
V_01_401106_1_4 = (R_EBX_40110d_4_3 & 0xff)
R_EIP_401106_1_4 = 0x401106L
V_02_401106_2_4 = (V_00_401106_0_4 - V_01_401106_1_4)
R_EIP_401106_2_4 = 0x401106L
V_05_401106_3_4 = (R_EAX_401105_3_4 & 0xffffff00)
R_EIP_401106_3_4 = 0x401106L
V_06_401106_4_4 = (V_02_401106_2_4 | 0x0)
R_EIP_401106_4_4 = 0x401106L
R_EAX_401106_5_4 = (V_05_401106_3_4 | V_06_401106_4_4)
R_EIP_401106_5_4 = 0x401108L
V_00_401108_0_4 = (R_EAX_401106_5_4 & 0xff)
R_EIP_401108_0_4 = 0x401108L
V_01_401108_1_4 = (R_EDX_40110b_4_3 & 0xff)
R_EIP_401108_1_4 = 0x401108L
V_02_401108_2_4 = (V_00_401108_0_4 ^ V_01_401108_1_4)
R_EIP_401108_2_4 = 0x401108L
V_04_401108_3_4 = (R_EAX_401106_5_4 & 0xffffff00)
R_EIP_401108_3_4 = 0x401108L
V_05_401108_4_4 = (V_02_401108_2_4 | 0x0)
R_EIP_401108_4_4 = 0x401108L
R_EAX_401108_5_4 = (V_04_401108_3_4 | V_05_401108_4_4)
R_EIP_401108_5_4 = 0x40110aL
V_01_40110a_0_4 = (R_EAX_401108_5_4 & 0xff)
R_EIP_40110a_0_4 = 0x40110aL
R_EIP_40110a_1_4 = 0x40110aL
R_EDI_40110a_2_4 = 0x12000fd4L
R_EIP_40110a_2_4 = 0x40110bL
V_01_40110b_0_4 = 0x1fL
R_EIP_40110b_0_4 = 0x40110bL
V_02_40110b_1_4 = (R_EDX_40110b_4_3 >> 0x1f)
R_EIP_40110b_1_4 = 0x40110bL
V_03_40110b_2_4 = 0x1L
R_EIP_40110b_2_4 = 0x40110bL
V_04_40110b_3_4 = (R_EDX_40110b_4_3 << 0x1)
R_EIP_40110b_3_4 = 0x40110bL
R_EDX_40110b_4_4 = (V_04_40110b_3_4 | V_02_40110b_1_4)
R_EIP_40110b_4_4 = 0x40110dL
V_01_40110d_0_4 = 0x1fL
R_EIP_40110d_0_4 = 0x40110dL
V_02_40110d_1_4 = (R_EBX_40110d_4_3 >> 0x1f)
R_EIP_40110d_1_4 = 0x40110dL
V_03_40110d_2_4 = 0x1L
R_EIP_40110d_2_4 = 0x40110dL
V_04_40110d_3_4 = (R_EBX_40110d_4_3 << 0x1)
R_EIP_40110d_3_4 = 0x40110dL
R_EBX_40110d_4_4 = (V_04_40110d_3_4 | V_02_40110d_1_4)
R_EIP_40110d_4_4 = 0x40110fL
R_ECX_40110f_0_4 = 0x1bL
R_EIP_40110f_0_4 = 0x40110fL
V_03_40110f_1_4 = 0x0
R_EIP_40110f_1_4 = 0x40110fL
V_02_40110f_2_4 = 0x1
R_EIP_40110f_2_4 = 0x40110fL
V_02_401105_0_5 = 0x5
R_EIP_401105_0_5 = 0x401105L
V_03_401105_1_5 = (R_EAX_401108_5_4 & 0xffffff00)
R_EIP_401105_1_5 = 0x401105L
V_04_401105_2_5 = 0x5L
R_EIP_401105_2_5 = 0x401105L
R_EAX_401105_3_5 = (V_03_401105_1_5 | 0x5)
R_EIP_401105_3_5 = 0x401105L
R_ESI_401105_4_5 = 0x4093aeL
R_EIP_401105_4_5 = 0x401106L
V_00_401106_0_5 = (R_EAX_401105_3_5 & 0xff)
R_EIP_401106_0_5 = 0x401106L
V_01_401106_1_5 = (R_EBX_40110d_4_4 & 0xff)
R_EIP_401106_1_5 = 0x401106L
V_02_401106_2_5 = (V_00_401106_0_5 - V_01_401106_1_5)
R_EIP_401106_2_5 = 0x401106L
V_05_401106_3_5 = (R_EAX_401105_3_5 & 0xffffff00)
R_EIP_401106_3_5 = 0x401106L
V_06_401106_4_5 = (V_02_401106_2_5 | 0x0)
R_EIP_401106_4_5 = 0x401106L
R_EAX_401106_5_5 = (V_05_401106_3_5 | V_06_401106_4_5)
R_EIP_401106_5_5 = 0x401108L
V_00_401108_0_5 = (R_EAX_401106_5_5 & 0xff)
R_EIP_401108_0_5 = 0x401108L
V_01_401108_1_5 = (R_EDX_40110b_4_4 & 0xff)
R_EIP_401108_1_5 = 0x401108L
V_02_401108_2_5 = (V_00_401108_0_5 ^ V_01_401108_1_5)
R_EIP_401108_2_5 = 0x401108L
V_04_401108_3_5 = (R_EAX_401106_5_5 & 0xffffff00)
R_EIP_401108_3_5 = 0x401108L
V_05_401108_4_5 = (V_02_401108_2_5 | 0x0)
R_EIP_401108_4_5 = 0x401108L
R_EAX_401108_5_5 = (V_04_401108_3_5 | V_05_401108_4_5)
R_EIP_401108_5_5 = 0x40110aL
V_01_40110a_0_5 = (R_EAX_401108_5_5 & 0xff)
R_EIP_40110a_0_5 = 0x40110aL
R_EIP_40110a_1_5 = 0x40110aL
R_EDI_40110a_2_5 = 0x12000fd5L
R_EIP_40110a_2_5 = 0x40110bL
V_01_40110b_0_5 = 0x1fL
R_EIP_40110b_0_5 = 0x40110bL
V_02_40110b_1_5 = (R_EDX_40110b_4_4 >> 0x1f)
R_EIP_40110b_1_5 = 0x40110bL
V_03_40110b_2_5 = 0x1L
R_EIP_40110b_2_5 = 0x40110bL
V_04_40110b_3_5 = (R_EDX_40110b_4_4 << 0x1)
R_EIP_40110b_3_5 = 0x40110bL
R_EDX_40110b_4_5 = (V_04_40110b_3_5 | V_02_40110b_1_5)
R_EIP_40110b_4_5 = 0x40110dL
V_01_40110d_0_5 = 0x1fL
R_EIP_40110d_0_5 = 0x40110dL
V_02_40110d_1_5 = (R_EBX_40110d_4_4 >> 0x1f)
R_EIP_40110d_1_5 = 0x40110dL
V_03_40110d_2_5 = 0x1L
R_EIP_40110d_2_5 = 0x40110dL
V_04_40110d_3_5 = (R_EBX_40110d_4_4 << 0x1)
R_EIP_40110d_3_5 = 0x40110dL
R_EBX_40110d_4_5 = (V_04_40110d_3_5 | V_02_40110d_1_5)
R_EIP_40110d_4_5 = 0x40110fL
R_ECX_40110f_0_5 = 0x1aL
R_EIP_40110f_0_5 = 0x40110fL
V_03_40110f_1_5 = 0x0
R_EIP_40110f_1_5 = 0x40110fL
V_02_40110f_2_5 = 0x1
R_EIP_40110f_2_5 = 0x40110fL
V_02_401105_0_6 = 0x6
R_EIP_401105_0_6 = 0x401105L
V_03_401105_1_6 = (R_EAX_401108_5_5 & 0xffffff00)
R_EIP_401105_1_6 = 0x401105L
V_04_401105_2_6 = 0x6L
R_EIP_401105_2_6 = 0x401105L
R_EAX_401105_3_6 = (V_03_401105_1_6 | 0x6)
R_EIP_401105_3_6 = 0x401105L
R_ESI_401105_4_6 = 0x4093afL
R_EIP_401105_4_6 = 0x401106L
V_00_401106_0_6 = (R_EAX_401105_3_6 & 0xff)
R_EIP_401106_0_6 = 0x401106L
V_01_401106_1_6 = (R_EBX_40110d_4_5 & 0xff)
R_EIP_401106_1_6 = 0x401106L
V_02_401106_2_6 = (V_00_401106_0_6 - V_01_401106_1_6)
R_EIP_401106_2_6 = 0x401106L
V_05_401106_3_6 = (R_EAX_401105_3_6 & 0xffffff00)
R_EIP_401106_3_6 = 0x401106L
V_06_401106_4_6 = (V_02_401106_2_6 | 0x0)
R_EIP_401106_4_6 = 0x401106L
R_EAX_401106_5_6 = (V_05_401106_3_6 | V_06_401106_4_6)
R_EIP_401106_5_6 = 0x401108L
V_00_401108_0_6 = (R_EAX_401106_5_6 & 0xff)
R_EIP_401108_0_6 = 0x401108L
V_01_401108_1_6 = (R_EDX_40110b_4_5 & 0xff)
R_EIP_401108_1_6 = 0x401108L
V_02_401108_2_6 = (V_00_401108_0_6 ^ V_01_401108_1_6)
R_EIP_401108_2_6 = 0x401108L
V_04_401108_3_6 = (R_EAX_401106_5_6 & 0xffffff00)
R_EIP_401108_3_6 = 0x401108L
V_05_401108_4_6 = (V_02_401108_2_6 | 0x0)
R_EIP_401108_4_6 = 0x401108L
R_EAX_401108_5_6 = (V_04_401108_3_6 | V_05_401108_4_6)
R_EIP_401108_5_6 = 0x40110aL
V_01_40110a_0_6 = (R_EAX_401108_5_6 & 0xff)
R_EIP_40110a_0_6 = 0x40110aL
R_EIP_40110a_1_6 = 0x40110aL
R_EDI_40110a_2_6 = 0x12000fd6L
R_EIP_40110a_2_6 = 0x40110bL
V_01_40110b_0_6 = 0x1fL
R_EIP_40110b_0_6 = 0x40110bL
V_02_40110b_1_6 = (R_EDX_40110b_4_5 >> 0x1f)
R_EIP_40110b_1_6 = 0x40110bL
V_03_40110b_2_6 = 0x1L
R_EIP_40110b_2_6 = 0x40110bL
V_04_40110b_3_6 = (R_EDX_40110b_4_5 << 0x1)
R_EIP_40110b_3_6 = 0x40110bL
R_EDX_40110b_4_6 = (V_04_40110b_3_6 | V_02_40110b_1_6)
R_EIP_40110b_4_6 = 0x40110dL
V_01_40110d_0_6 = 0x1fL
R_EIP_40110d_0_6 = 0x40110dL
V_02_40110d_1_6 = (R_EBX_40110d_4_5 >> 0x1f)
R_EIP_40110d_1_6 = 0x40110dL
V_03_40110d_2_6 = 0x1L
R_EIP_40110d_2_6 = 0x40110dL
V_04_40110d_3_6 = (R_EBX_40110d_4_5 << 0x1)
R_EIP_40110d_3_6 = 0x40110dL
R_EBX_40110d_4_6 = (V_04_40110d_3_6 | V_02_40110d_1_6)
R_EIP_40110d_4_6 = 0x40110fL
R_ECX_40110f_0_6 = 0x19L
R_EIP_40110f_0_6 = 0x40110fL
V_03_40110f_1_6 = 0x0
R_EIP_40110f_1_6 = 0x40110fL
V_02_40110f_2_6 = 0x1
R_EIP_40110f_2_6 = 0x40110fL
V_02_401105_0_7 = 0x7
R_EIP_401105_0_7 = 0x401105L
V_03_401105_1_7 = (R_EAX_401108_5_6 & 0xffffff00)
R_EIP_401105_1_7 = 0x401105L
V_04_401105_2_7 = 0x7L
R_EIP_401105_2_7 = 0x401105L
R_EAX_401105_3_7 = (V_03_401105_1_7 | 0x7)
R_EIP_401105_3_7 = 0x401105L
R_ESI_401105_4_7 = 0x4093b0L
R_EIP_401105_4_7 = 0x401106L
V_00_401106_0_7 = (R_EAX_401105_3_7 & 0xff)
R_EIP_401106_0_7 = 0x401106L
V_01_401106_1_7 = (R_EBX_40110d_4_6 & 0xff)
R_EIP_401106_1_7 = 0x401106L
V_02_401106_2_7 = (V_00_401106_0_7 - V_01_401106_1_7)
R_EIP_401106_2_7 = 0x401106L
V_05_401106_3_7 = (R_EAX_401105_3_7 & 0xffffff00)
R_EIP_401106_3_7 = 0x401106L
V_06_401106_4_7 = (V_02_401106_2_7 | 0x0)
R_EIP_401106_4_7 = 0x401106L
R_EAX_401106_5_7 = (V_05_401106_3_7 | V_06_401106_4_7)
R_EIP_401106_5_7 = 0x401108L
V_00_401108_0_7 = (R_EAX_401106_5_7 & 0xff)
R_EIP_401108_0_7 = 0x401108L
V_01_401108_1_7 = (R_EDX_40110b_4_6 & 0xff)
R_EIP_401108_1_7 = 0x401108L
V_02_401108_2_7 = (V_00_401108_0_7 ^ V_01_401108_1_7)
R_EIP_401108_2_7 = 0x401108L
V_04_401108_3_7 = (R_EAX_401106_5_7 & 0xffffff00)
R_EIP_401108_3_7 = 0x401108L
V_05_401108_4_7 = (V_02_401108_2_7 | 0x0)
R_EIP_401108_4_7 = 0x401108L
R_EAX_401108_5_7 = (V_04_401108_3_7 | V_05_401108_4_7)
R_EIP_401108_5_7 = 0x40110aL
V_01_40110a_0_7 = (R_EAX_401108_5_7 & 0xff)
R_EIP_40110a_0_7 = 0x40110aL
R_EIP_40110a_1_7 = 0x40110aL
R_EDI_40110a_2_7 = 0x12000fd7L
R_EIP_40110a_2_7 = 0x40110bL
V_01_40110b_0_7 = 0x1fL
R_EIP_40110b_0_7 = 0x40110bL
V_02_40110b_1_7 = (R_EDX_40110b_4_6 >> 0x1f)
R_EIP_40110b_1_7 = 0x40110bL
V_03_40110b_2_7 = 0x1L
R_EIP_40110b_2_7 = 0x40110bL
V_04_40110b_3_7 = (R_EDX_40110b_4_6 << 0x1)
R_EIP_40110b_3_7 = 0x40110bL
R_EDX_40110b_4_7 = (V_04_40110b_3_7 | V_02_40110b_1_7)
R_EIP_40110b_4_7 = 0x40110dL
V_01_40110d_0_7 = 0x1fL
R_EIP_40110d_0_7 = 0x40110dL
V_02_40110d_1_7 = (R_EBX_40110d_4_6 >> 0x1f)
R_EIP_40110d_1_7 = 0x40110dL
V_03_40110d_2_7 = 0x1L
R_EIP_40110d_2_7 = 0x40110dL
V_04_40110d_3_7 = (R_EBX_40110d_4_6 << 0x1)
R_EIP_40110d_3_7 = 0x40110dL
R_EBX_40110d_4_7 = (V_04_40110d_3_7 | V_02_40110d_1_7)
R_EIP_40110d_4_7 = 0x40110fL
R_ECX_40110f_0_7 = 0x18L
R_EIP_40110f_0_7 = 0x40110fL
V_03_40110f_1_7 = 0x0
R_EIP_40110f_1_7 = 0x40110fL
V_02_40110f_2_7 = 0x1
R_EIP_40110f_2_7 = 0x40110fL
V_02_401105_0_8 = 0x8
R_EIP_401105_0_8 = 0x401105L
V_03_401105_1_8 = (R_EAX_401108_5_7 & 0xffffff00)
R_EIP_401105_1_8 = 0x401105L
V_04_401105_2_8 = 0x8L
R_EIP_401105_2_8 = 0x401105L
R_EAX_401105_3_8 = (V_03_401105_1_8 | 0x8)
R_EIP_401105_3_8 = 0x401105L
R_ESI_401105_4_8 = 0x4093b1L
R_EIP_401105_4_8 = 0x401106L
V_00_401106_0_8 = (R_EAX_401105_3_8 & 0xff)
R_EIP_401106_0_8 = 0x401106L
V_01_401106_1_8 = (R_EBX_40110d_4_7 & 0xff)
R_EIP_401106_1_8 = 0x401106L
V_02_401106_2_8 = (V_00_401106_0_8 - V_01_401106_1_8)
R_EIP_401106_2_8 = 0x401106L
V_05_401106_3_8 = (R_EAX_401105_3_8 & 0xffffff00)
R_EIP_401106_3_8 = 0x401106L
V_06_401106_4_8 = (V_02_401106_2_8 | 0x0)
R_EIP_401106_4_8 = 0x401106L
R_EAX_401106_5_8 = (V_05_401106_3_8 | V_06_401106_4_8)
R_EIP_401106_5_8 = 0x401108L
V_00_401108_0_8 = (R_EAX_401106_5_8 & 0xff)
R_EIP_401108_0_8 = 0x401108L
V_01_401108_1_8 = (R_EDX_40110b_4_7 & 0xff)
R_EIP_401108_1_8 = 0x401108L
V_02_401108_2_8 = (V_00_401108_0_8 ^ V_01_401108_1_8)
R_EIP_401108_2_8 = 0x401108L
V_04_401108_3_8 = (R_EAX_401106_5_8 & 0xffffff00)
R_EIP_401108_3_8 = 0x401108L
V_05_401108_4_8 = (V_02_401108_2_8 | 0x0)
R_EIP_401108_4_8 = 0x401108L
R_EAX_401108_5_8 = (V_04_401108_3_8 | V_05_401108_4_8)
R_EIP_401108_5_8 = 0x40110aL
V_01_40110a_0_8 = (R_EAX_401108_5_8 & 0xff)
R_EIP_40110a_0_8 = 0x40110aL
R_EIP_40110a_1_8 = 0x40110aL
R_EDI_40110a_2_8 = 0x12000fd8L
R_EIP_40110a_2_8 = 0x40110bL
V_01_40110b_0_8 = 0x1fL
R_EIP_40110b_0_8 = 0x40110bL
V_02_40110b_1_8 = (R_EDX_40110b_4_7 >> 0x1f)
R_EIP_40110b_1_8 = 0x40110bL
V_03_40110b_2_8 = 0x1L
R_EIP_40110b_2_8 = 0x40110bL
V_04_40110b_3_8 = (R_EDX_40110b_4_7 << 0x1)
R_EIP_40110b_3_8 = 0x40110bL
R_EDX_40110b_4_8 = (V_04_40110b_3_8 | V_02_40110b_1_8)
R_EIP_40110b_4_8 = 0x40110dL
V_01_40110d_0_8 = 0x1fL
R_EIP_40110d_0_8 = 0x40110dL
V_02_40110d_1_8 = (R_EBX_40110d_4_7 >> 0x1f)
R_EIP_40110d_1_8 = 0x40110dL
V_03_40110d_2_8 = 0x1L
R_EIP_40110d_2_8 = 0x40110dL
V_04_40110d_3_8 = (R_EBX_40110d_4_7 << 0x1)
R_EIP_40110d_3_8 = 0x40110dL
R_EBX_40110d_4_8 = (V_04_40110d_3_8 | V_02_40110d_1_8)
R_EIP_40110d_4_8 = 0x40110fL
R_ECX_40110f_0_8 = 0x17L
R_EIP_40110f_0_8 = 0x40110fL
V_03_40110f_1_8 = 0x0
R_EIP_40110f_1_8 = 0x40110fL
V_02_40110f_2_8 = 0x1
R_EIP_40110f_2_8 = 0x40110fL
V_02_401105_0_9 = 0x9
R_EIP_401105_0_9 = 0x401105L
V_03_401105_1_9 = (R_EAX_401108_5_8 & 0xffffff00)
R_EIP_401105_1_9 = 0x401105L
V_04_401105_2_9 = 0x9L
R_EIP_401105_2_9 = 0x401105L
R_EAX_401105_3_9 = (V_03_401105_1_9 | 0x9)
R_EIP_401105_3_9 = 0x401105L
R_ESI_401105_4_9 = 0x4093b2L
R_EIP_401105_4_9 = 0x401106L
V_00_401106_0_9 = (R_EAX_401105_3_9 & 0xff)
R_EIP_401106_0_9 = 0x401106L
V_01_401106_1_9 = (R_EBX_40110d_4_8 & 0xff)
R_EIP_401106_1_9 = 0x401106L
V_02_401106_2_9 = (V_00_401106_0_9 - V_01_401106_1_9)
R_EIP_401106_2_9 = 0x401106L
V_05_401106_3_9 = (R_EAX_401105_3_9 & 0xffffff00)
R_EIP_401106_3_9 = 0x401106L
V_06_401106_4_9 = (V_02_401106_2_9 | 0x0)
R_EIP_401106_4_9 = 0x401106L
R_EAX_401106_5_9 = (V_05_401106_3_9 | V_06_401106_4_9)
R_EIP_401106_5_9 = 0x401108L
V_00_401108_0_9 = (R_EAX_401106_5_9 & 0xff)
R_EIP_401108_0_9 = 0x401108L
V_01_401108_1_9 = (R_EDX_40110b_4_8 & 0xff)
R_EIP_401108_1_9 = 0x401108L
V_02_401108_2_9 = (V_00_401108_0_9 ^ V_01_401108_1_9)
R_EIP_401108_2_9 = 0x401108L
V_04_401108_3_9 = (R_EAX_401106_5_9 & 0xffffff00)
R_EIP_401108_3_9 = 0x401108L
V_05_401108_4_9 = (V_02_401108_2_9 | 0x0)
R_EIP_401108_4_9 = 0x401108L
R_EAX_401108_5_9 = (V_04_401108_3_9 | V_05_401108_4_9)
R_EIP_401108_5_9 = 0x40110aL
V_01_40110a_0_9 = (R_EAX_401108_5_9 & 0xff)
R_EIP_40110a_0_9 = 0x40110aL
R_EIP_40110a_1_9 = 0x40110aL
R_EDI_40110a_2_9 = 0x12000fd9L
R_EIP_40110a_2_9 = 0x40110bL
V_01_40110b_0_9 = 0x1fL
R_EIP_40110b_0_9 = 0x40110bL
V_02_40110b_1_9 = (R_EDX_40110b_4_8 >> 0x1f)
R_EIP_40110b_1_9 = 0x40110bL
V_03_40110b_2_9 = 0x1L
R_EIP_40110b_2_9 = 0x40110bL
V_04_40110b_3_9 = (R_EDX_40110b_4_8 << 0x1)
R_EIP_40110b_3_9 = 0x40110bL
R_EDX_40110b_4_9 = (V_04_40110b_3_9 | V_02_40110b_1_9)
R_EIP_40110b_4_9 = 0x40110dL
V_01_40110d_0_9 = 0x1fL
R_EIP_40110d_0_9 = 0x40110dL
V_02_40110d_1_9 = (R_EBX_40110d_4_8 >> 0x1f)
R_EIP_40110d_1_9 = 0x40110dL
V_03_40110d_2_9 = 0x1L
R_EIP_40110d_2_9 = 0x40110dL
V_04_40110d_3_9 = (R_EBX_40110d_4_8 << 0x1)
R_EIP_40110d_3_9 = 0x40110dL
R_EBX_40110d_4_9 = (V_04_40110d_3_9 | V_02_40110d_1_9)
R_EIP_40110d_4_9 = 0x40110fL
R_ECX_40110f_0_9 = 0x16L
R_EIP_40110f_0_9 = 0x40110fL
V_03_40110f_1_9 = 0x0
R_EIP_40110f_1_9 = 0x40110fL
V_02_40110f_2_9 = 0x1
R_EIP_40110f_2_9 = 0x40110fL
V_02_401105_0_a = 0xa
R_EIP_401105_0_a = 0x401105L
V_03_401105_1_a = (R_EAX_401108_5_9 & 0xffffff00)
R_EIP_401105_1_a = 0x401105L
V_04_401105_2_a = 0xaL
R_EIP_401105_2_a = 0x401105L
R_EAX_401105_3_a = (V_03_401105_1_a | 0xa)
R_EIP_401105_3_a = 0x401105L
R_ESI_401105_4_a = 0x4093b3L
R_EIP_401105_4_a = 0x401106L
V_00_401106_0_a = (R_EAX_401105_3_a & 0xff)
R_EIP_401106_0_a = 0x401106L
V_01_401106_1_a = (R_EBX_40110d_4_9 & 0xff)
R_EIP_401106_1_a = 0x401106L
V_02_401106_2_a = (V_00_401106_0_a - V_01_401106_1_a)
R_EIP_401106_2_a = 0x401106L
V_05_401106_3_a = (R_EAX_401105_3_a & 0xffffff00)
R_EIP_401106_3_a = 0x401106L
V_06_401106_4_a = (V_02_401106_2_a | 0x0)
R_EIP_401106_4_a = 0x401106L
R_EAX_401106_5_a = (V_05_401106_3_a | V_06_401106_4_a)
R_EIP_401106_5_a = 0x401108L
V_00_401108_0_a = (R_EAX_401106_5_a & 0xff)
R_EIP_401108_0_a = 0x401108L
V_01_401108_1_a = (R_EDX_40110b_4_9 & 0xff)
R_EIP_401108_1_a = 0x401108L
V_02_401108_2_a = (V_00_401108_0_a ^ V_01_401108_1_a)
R_EIP_401108_2_a = 0x401108L
V_04_401108_3_a = (R_EAX_401106_5_a & 0xffffff00)
R_EIP_401108_3_a = 0x401108L
V_05_401108_4_a = (V_02_401108_2_a | 0x0)
R_EIP_401108_4_a = 0x401108L
R_EAX_401108_5_a = (V_04_401108_3_a | V_05_401108_4_a)
R_EIP_401108_5_a = 0x40110aL
V_01_40110a_0_a = (R_EAX_401108_5_a & 0xff)
R_EIP_40110a_0_a = 0x40110aL
R_EIP_40110a_1_a = 0x40110aL
R_EDI_40110a_2_a = 0x12000fdaL
R_EIP_40110a_2_a = 0x40110bL
V_01_40110b_0_a = 0x1fL
R_EIP_40110b_0_a = 0x40110bL
V_02_40110b_1_a = (R_EDX_40110b_4_9 >> 0x1f)
R_EIP_40110b_1_a = 0x40110bL
V_03_40110b_2_a = 0x1L
R_EIP_40110b_2_a = 0x40110bL
V_04_40110b_3_a = (R_EDX_40110b_4_9 << 0x1)
R_EIP_40110b_3_a = 0x40110bL
R_EDX_40110b_4_a = (V_04_40110b_3_a | V_02_40110b_1_a)
R_EIP_40110b_4_a = 0x40110dL
V_01_40110d_0_a = 0x1fL
R_EIP_40110d_0_a = 0x40110dL
V_02_40110d_1_a = (R_EBX_40110d_4_9 >> 0x1f)
R_EIP_40110d_1_a = 0x40110dL
V_03_40110d_2_a = 0x1L
R_EIP_40110d_2_a = 0x40110dL
V_04_40110d_3_a = (R_EBX_40110d_4_9 << 0x1)
R_EIP_40110d_3_a = 0x40110dL
R_EBX_40110d_4_a = (V_04_40110d_3_a | V_02_40110d_1_a)
R_EIP_40110d_4_a = 0x40110fL
R_ECX_40110f_0_a = 0x15L
R_EIP_40110f_0_a = 0x40110fL
V_03_40110f_1_a = 0x0
R_EIP_40110f_1_a = 0x40110fL
V_02_40110f_2_a = 0x1
R_EIP_40110f_2_a = 0x40110fL
V_02_401105_0_b = 0xb
R_EIP_401105_0_b = 0x401105L
V_03_401105_1_b = (R_EAX_401108_5_a & 0xffffff00)
R_EIP_401105_1_b = 0x401105L
V_04_401105_2_b = 0xbL
R_EIP_401105_2_b = 0x401105L
R_EAX_401105_3_b = (V_03_401105_1_b | 0xb)
R_EIP_401105_3_b = 0x401105L
R_ESI_401105_4_b = 0x4093b4L
R_EIP_401105_4_b = 0x401106L
V_00_401106_0_b = (R_EAX_401105_3_b & 0xff)
R_EIP_401106_0_b = 0x401106L
V_01_401106_1_b = (R_EBX_40110d_4_a & 0xff)
R_EIP_401106_1_b = 0x401106L
V_02_401106_2_b = (V_00_401106_0_b - V_01_401106_1_b)
R_EIP_401106_2_b = 0x401106L
V_05_401106_3_b = (R_EAX_401105_3_b & 0xffffff00)
R_EIP_401106_3_b = 0x401106L
V_06_401106_4_b = (V_02_401106_2_b | 0x0)
R_EIP_401106_4_b = 0x401106L
R_EAX_401106_5_b = (V_05_401106_3_b | V_06_401106_4_b)
R_EIP_401106_5_b = 0x401108L
V_00_401108_0_b = (R_EAX_401106_5_b & 0xff)
R_EIP_401108_0_b = 0x401108L
V_01_401108_1_b = (R_EDX_40110b_4_a & 0xff)
R_EIP_401108_1_b = 0x401108L
V_02_401108_2_b = (V_00_401108_0_b ^ V_01_401108_1_b)
R_EIP_401108_2_b = 0x401108L
V_04_401108_3_b = (R_EAX_401106_5_b & 0xffffff00)
R_EIP_401108_3_b = 0x401108L
V_05_401108_4_b = (V_02_401108_2_b | 0x0)
R_EIP_401108_4_b = 0x401108L
R_EAX_401108_5_b = (V_04_401108_3_b | V_05_401108_4_b)
R_EIP_401108_5_b = 0x40110aL
V_01_40110a_0_b = (R_EAX_401108_5_b & 0xff)
R_EIP_40110a_0_b = 0x40110aL
R_EIP_40110a_1_b = 0x40110aL
R_EDI_40110a_2_b = 0x12000fdbL
R_EIP_40110a_2_b = 0x40110bL
V_01_40110b_0_b = 0x1fL
R_EIP_40110b_0_b = 0x40110bL
V_02_40110b_1_b = (R_EDX_40110b_4_a >> 0x1f)
R_EIP_40110b_1_b = 0x40110bL
V_03_40110b_2_b = 0x1L
R_EIP_40110b_2_b = 0x40110bL
V_04_40110b_3_b = (R_EDX_40110b_4_a << 0x1)
R_EIP_40110b_3_b = 0x40110bL
R_EDX_40110b_4_b = (V_04_40110b_3_b | V_02_40110b_1_b)
R_EIP_40110b_4_b = 0x40110dL
V_01_40110d_0_b = 0x1fL
R_EIP_40110d_0_b = 0x40110dL
V_02_40110d_1_b = (R_EBX_40110d_4_a >> 0x1f)
R_EIP_40110d_1_b = 0x40110dL
V_03_40110d_2_b = 0x1L
R_EIP_40110d_2_b = 0x40110dL
V_04_40110d_3_b = (R_EBX_40110d_4_a << 0x1)
R_EIP_40110d_3_b = 0x40110dL
R_EBX_40110d_4_b = (V_04_40110d_3_b | V_02_40110d_1_b)
R_EIP_40110d_4_b = 0x40110fL
R_ECX_40110f_0_b = 0x14L
R_EIP_40110f_0_b = 0x40110fL
V_03_40110f_1_b = 0x0
R_EIP_40110f_1_b = 0x40110fL
V_02_40110f_2_b = 0x1
R_EIP_40110f_2_b = 0x40110fL
V_02_401105_0_c = 0xc
R_EIP_401105_0_c = 0x401105L
V_03_401105_1_c = (R_EAX_401108_5_b & 0xffffff00)
R_EIP_401105_1_c = 0x401105L
V_04_401105_2_c = 0xcL
R_EIP_401105_2_c = 0x401105L
R_EAX_401105_3_c = (V_03_401105_1_c | 0xc)
R_EIP_401105_3_c = 0x401105L
R_ESI_401105_4_c = 0x4093b5L
R_EIP_401105_4_c = 0x401106L
V_00_401106_0_c = (R_EAX_401105_3_c & 0xff)
R_EIP_401106_0_c = 0x401106L
V_01_401106_1_c = (R_EBX_40110d_4_b & 0xff)
R_EIP_401106_1_c = 0x401106L
V_02_401106_2_c = (V_00_401106_0_c - V_01_401106_1_c)
R_EIP_401106_2_c = 0x401106L
V_05_401106_3_c = (R_EAX_401105_3_c & 0xffffff00)
R_EIP_401106_3_c = 0x401106L
V_06_401106_4_c = (V_02_401106_2_c | 0x0)
R_EIP_401106_4_c = 0x401106L
R_EAX_401106_5_c = (V_05_401106_3_c | V_06_401106_4_c)
R_EIP_401106_5_c = 0x401108L
V_00_401108_0_c = (R_EAX_401106_5_c & 0xff)
R_EIP_401108_0_c = 0x401108L
V_01_401108_1_c = (R_EDX_40110b_4_b & 0xff)
R_EIP_401108_1_c = 0x401108L
V_02_401108_2_c = (V_00_401108_0_c ^ V_01_401108_1_c)
R_EIP_401108_2_c = 0x401108L
V_04_401108_3_c = (R_EAX_401106_5_c & 0xffffff00)
R_EIP_401108_3_c = 0x401108L
V_05_401108_4_c = (V_02_401108_2_c | 0x0)
R_EIP_401108_4_c = 0x401108L
R_EAX_401108_5_c = (V_04_401108_3_c | V_05_401108_4_c)
R_EIP_401108_5_c = 0x40110aL
V_01_40110a_0_c = (R_EAX_401108_5_c & 0xff)
R_EIP_40110a_0_c = 0x40110aL
R_EIP_40110a_1_c = 0x40110aL
R_EDI_40110a_2_c = 0x12000fdcL
R_EIP_40110a_2_c = 0x40110bL
V_01_40110b_0_c = 0x1fL
R_EIP_40110b_0_c = 0x40110bL
V_02_40110b_1_c = (R_EDX_40110b_4_b >> 0x1f)
R_EIP_40110b_1_c = 0x40110bL
V_03_40110b_2_c = 0x1L
R_EIP_40110b_2_c = 0x40110bL
V_04_40110b_3_c = (R_EDX_40110b_4_b << 0x1)
R_EIP_40110b_3_c = 0x40110bL
R_EDX_40110b_4_c = (V_04_40110b_3_c | V_02_40110b_1_c)
R_EIP_40110b_4_c = 0x40110dL
V_01_40110d_0_c = 0x1fL
R_EIP_40110d_0_c = 0x40110dL
V_02_40110d_1_c = (R_EBX_40110d_4_b >> 0x1f)
R_EIP_40110d_1_c = 0x40110dL
V_03_40110d_2_c = 0x1L
R_EIP_40110d_2_c = 0x40110dL
V_04_40110d_3_c = (R_EBX_40110d_4_b << 0x1)
R_EIP_40110d_3_c = 0x40110dL
R_EBX_40110d_4_c = (V_04_40110d_3_c | V_02_40110d_1_c)
R_EIP_40110d_4_c = 0x40110fL
R_ECX_40110f_0_c = 0x13L
R_EIP_40110f_0_c = 0x40110fL
V_03_40110f_1_c = 0x0
R_EIP_40110f_1_c = 0x40110fL
V_02_40110f_2_c = 0x1
R_EIP_40110f_2_c = 0x40110fL
V_02_401105_0_d = 0xd
R_EIP_401105_0_d = 0x401105L
V_03_401105_1_d = (R_EAX_401108_5_c & 0xffffff00)
R_EIP_401105_1_d = 0x401105L
V_04_401105_2_d = 0xdL
R_EIP_401105_2_d = 0x401105L
R_EAX_401105_3_d = (V_03_401105_1_d | 0xd)
R_EIP_401105_3_d = 0x401105L
R_ESI_401105_4_d = 0x4093b6L
R_EIP_401105_4_d = 0x401106L
V_00_401106_0_d = (R_EAX_401105_3_d & 0xff)
R_EIP_401106_0_d = 0x401106L
V_01_401106_1_d = (R_EBX_40110d_4_c & 0xff)
R_EIP_401106_1_d = 0x401106L
V_02_401106_2_d = (V_00_401106_0_d - V_01_401106_1_d)
R_EIP_401106_2_d = 0x401106L
V_05_401106_3_d = (R_EAX_401105_3_d & 0xffffff00)
R_EIP_401106_3_d = 0x401106L
V_06_401106_4_d = (V_02_401106_2_d | 0x0)
R_EIP_401106_4_d = 0x401106L
R_EAX_401106_5_d = (V_05_401106_3_d | V_06_401106_4_d)
R_EIP_401106_5_d = 0x401108L
V_00_401108_0_d = (R_EAX_401106_5_d & 0xff)
R_EIP_401108_0_d = 0x401108L
V_01_401108_1_d = (R_EDX_40110b_4_c & 0xff)
R_EIP_401108_1_d = 0x401108L
V_02_401108_2_d = (V_00_401108_0_d ^ V_01_401108_1_d)
R_EIP_401108_2_d = 0x401108L
V_04_401108_3_d = (R_EAX_401106_5_d & 0xffffff00)
R_EIP_401108_3_d = 0x401108L
V_05_401108_4_d = (V_02_401108_2_d | 0x0)
R_EIP_401108_4_d = 0x401108L
R_EAX_401108_5_d = (V_04_401108_3_d | V_05_401108_4_d)
R_EIP_401108_5_d = 0x40110aL
V_01_40110a_0_d = (R_EAX_401108_5_d & 0xff)
R_EIP_40110a_0_d = 0x40110aL
R_EIP_40110a_1_d = 0x40110aL
R_EDI_40110a_2_d = 0x12000fddL
R_EIP_40110a_2_d = 0x40110bL
V_01_40110b_0_d = 0x1fL
R_EIP_40110b_0_d = 0x40110bL
V_02_40110b_1_d = (R_EDX_40110b_4_c >> 0x1f)
R_EIP_40110b_1_d = 0x40110bL
V_03_40110b_2_d = 0x1L
R_EIP_40110b_2_d = 0x40110bL
V_04_40110b_3_d = (R_EDX_40110b_4_c << 0x1)
R_EIP_40110b_3_d = 0x40110bL
R_EDX_40110b_4_d = (V_04_40110b_3_d | V_02_40110b_1_d)
R_EIP_40110b_4_d = 0x40110dL
V_01_40110d_0_d = 0x1fL
R_EIP_40110d_0_d = 0x40110dL
V_02_40110d_1_d = (R_EBX_40110d_4_c >> 0x1f)
R_EIP_40110d_1_d = 0x40110dL
V_03_40110d_2_d = 0x1L
R_EIP_40110d_2_d = 0x40110dL
V_04_40110d_3_d = (R_EBX_40110d_4_c << 0x1)
R_EIP_40110d_3_d = 0x40110dL
R_EBX_40110d_4_d = (V_04_40110d_3_d | V_02_40110d_1_d)
R_EIP_40110d_4_d = 0x40110fL
R_ECX_40110f_0_d = 0x12L
R_EIP_40110f_0_d = 0x40110fL
V_03_40110f_1_d = 0x0
R_EIP_40110f_1_d = 0x40110fL
V_02_40110f_2_d = 0x1
R_EIP_40110f_2_d = 0x40110fL
V_02_401105_0_e = 0xe
R_EIP_401105_0_e = 0x401105L
V_03_401105_1_e = (R_EAX_401108_5_d & 0xffffff00)
R_EIP_401105_1_e = 0x401105L
V_04_401105_2_e = 0xeL
R_EIP_401105_2_e = 0x401105L
R_EAX_401105_3_e = (V_03_401105_1_e | 0xe)
R_EIP_401105_3_e = 0x401105L
R_ESI_401105_4_e = 0x4093b7L
R_EIP_401105_4_e = 0x401106L
V_00_401106_0_e = (R_EAX_401105_3_e & 0xff)
R_EIP_401106_0_e = 0x401106L
V_01_401106_1_e = (R_EBX_40110d_4_d & 0xff)
R_EIP_401106_1_e = 0x401106L
V_02_401106_2_e = (V_00_401106_0_e - V_01_401106_1_e)
R_EIP_401106_2_e = 0x401106L
V_05_401106_3_e = (R_EAX_401105_3_e & 0xffffff00)
R_EIP_401106_3_e = 0x401106L
V_06_401106_4_e = (V_02_401106_2_e | 0x0)
R_EIP_401106_4_e = 0x401106L
R_EAX_401106_5_e = (V_05_401106_3_e | V_06_401106_4_e)
R_EIP_401106_5_e = 0x401108L
V_00_401108_0_e = (R_EAX_401106_5_e & 0xff)
R_EIP_401108_0_e = 0x401108L
V_01_401108_1_e = (R_EDX_40110b_4_d & 0xff)
R_EIP_401108_1_e = 0x401108L
V_02_401108_2_e = (V_00_401108_0_e ^ V_01_401108_1_e)
R_EIP_401108_2_e = 0x401108L
V_04_401108_3_e = (R_EAX_401106_5_e & 0xffffff00)
R_EIP_401108_3_e = 0x401108L
V_05_401108_4_e = (V_02_401108_2_e | 0x0)
R_EIP_401108_4_e = 0x401108L
R_EAX_401108_5_e = (V_04_401108_3_e | V_05_401108_4_e)
R_EIP_401108_5_e = 0x40110aL
V_01_40110a_0_e = (R_EAX_401108_5_e & 0xff)
R_EIP_40110a_0_e = 0x40110aL
R_EIP_40110a_1_e = 0x40110aL
R_EDI_40110a_2_e = 0x12000fdeL
R_EIP_40110a_2_e = 0x40110bL
V_01_40110b_0_e = 0x1fL
R_EIP_40110b_0_e = 0x40110bL
V_02_40110b_1_e = (R_EDX_40110b_4_d >> 0x1f)
R_EIP_40110b_1_e = 0x40110bL
V_03_40110b_2_e = 0x1L
R_EIP_40110b_2_e = 0x40110bL
V_04_40110b_3_e = (R_EDX_40110b_4_d << 0x1)
R_EIP_40110b_3_e = 0x40110bL
R_EDX_40110b_4_e = (V_04_40110b_3_e | V_02_40110b_1_e)
R_EIP_40110b_4_e = 0x40110dL
V_01_40110d_0_e = 0x1fL
R_EIP_40110d_0_e = 0x40110dL
V_02_40110d_1_e = (R_EBX_40110d_4_d >> 0x1f)
R_EIP_40110d_1_e = 0x40110dL
V_03_40110d_2_e = 0x1L
R_EIP_40110d_2_e = 0x40110dL
V_04_40110d_3_e = (R_EBX_40110d_4_d << 0x1)
R_EIP_40110d_3_e = 0x40110dL
R_EBX_40110d_4_e = (V_04_40110d_3_e | V_02_40110d_1_e)
R_EIP_40110d_4_e = 0x40110fL
R_ECX_40110f_0_e = 0x11L
R_EIP_40110f_0_e = 0x40110fL
V_03_40110f_1_e = 0x0
R_EIP_40110f_1_e = 0x40110fL
V_02_40110f_2_e = 0x1
R_EIP_40110f_2_e = 0x40110fL
V_02_401105_0_f = 0xf
R_EIP_401105_0_f = 0x401105L
V_03_401105_1_f = (R_EAX_401108_5_e & 0xffffff00)
R_EIP_401105_1_f = 0x401105L
V_04_401105_2_f = 0xfL
R_EIP_401105_2_f = 0x401105L
R_EAX_401105_3_f = (V_03_401105_1_f | 0xf)
R_EIP_401105_3_f = 0x401105L
R_ESI_401105_4_f = 0x4093b8L
R_EIP_401105_4_f = 0x401106L
V_00_401106_0_f = (R_EAX_401105_3_f & 0xff)
R_EIP_401106_0_f = 0x401106L
V_01_401106_1_f = (R_EBX_40110d_4_e & 0xff)
R_EIP_401106_1_f = 0x401106L
V_02_401106_2_f = (V_00_401106_0_f - V_01_401106_1_f)
R_EIP_401106_2_f = 0x401106L
V_05_401106_3_f = (R_EAX_401105_3_f & 0xffffff00)
R_EIP_401106_3_f = 0x401106L
V_06_401106_4_f = (V_02_401106_2_f | 0x0)
R_EIP_401106_4_f = 0x401106L
R_EAX_401106_5_f = (V_05_401106_3_f | V_06_401106_4_f)
R_EIP_401106_5_f = 0x401108L
V_00_401108_0_f = (R_EAX_401106_5_f & 0xff)
R_EIP_401108_0_f = 0x401108L
V_01_401108_1_f = (R_EDX_40110b_4_e & 0xff)
R_EIP_401108_1_f = 0x401108L
V_02_401108_2_f = (V_00_401108_0_f ^ V_01_401108_1_f)
R_EIP_401108_2_f = 0x401108L
V_04_401108_3_f = (R_EAX_401106_5_f & 0xffffff00)
R_EIP_401108_3_f = 0x401108L
V_05_401108_4_f = (V_02_401108_2_f | 0x0)
R_EIP_401108_4_f = 0x401108L
R_EAX_401108_5_f = (V_04_401108_3_f | V_05_401108_4_f)
R_EIP_401108_5_f = 0x40110aL
V_01_40110a_0_f = (R_EAX_401108_5_f & 0xff)
R_EIP_40110a_0_f = 0x40110aL
R_EIP_40110a_1_f = 0x40110aL
R_EDI_40110a_2_f = 0x12000fdfL
R_EIP_40110a_2_f = 0x40110bL
V_01_40110b_0_f = 0x1fL
R_EIP_40110b_0_f = 0x40110bL
V_02_40110b_1_f = (R_EDX_40110b_4_e >> 0x1f)
R_EIP_40110b_1_f = 0x40110bL
V_03_40110b_2_f = 0x1L
R_EIP_40110b_2_f = 0x40110bL
V_04_40110b_3_f = (R_EDX_40110b_4_e << 0x1)
R_EIP_40110b_3_f = 0x40110bL
R_EDX_40110b_4_f = (V_04_40110b_3_f | V_02_40110b_1_f)
R_EIP_40110b_4_f = 0x40110dL
V_01_40110d_0_f = 0x1fL
R_EIP_40110d_0_f = 0x40110dL
V_02_40110d_1_f = (R_EBX_40110d_4_e >> 0x1f)
R_EIP_40110d_1_f = 0x40110dL
V_03_40110d_2_f = 0x1L
R_EIP_40110d_2_f = 0x40110dL
V_04_40110d_3_f = (R_EBX_40110d_4_e << 0x1)
R_EIP_40110d_3_f = 0x40110dL
R_EBX_40110d_4_f = (V_04_40110d_3_f | V_02_40110d_1_f)
R_EIP_40110d_4_f = 0x40110fL
R_ECX_40110f_0_f = 0x10L
R_EIP_40110f_0_f = 0x40110fL
V_03_40110f_1_f = 0x0
R_EIP_40110f_1_f = 0x40110fL
V_02_40110f_2_f = 0x1
R_EIP_40110f_2_f = 0x40110fL
V_02_401105_0_10 = 0x10
R_EIP_401105_0_10 = 0x401105L
V_03_401105_1_10 = (R_EAX_401108_5_f & 0xffffff00)
R_EIP_401105_1_10 = 0x401105L
V_04_401105_2_10 = 0x10L
R_EIP_401105_2_10 = 0x401105L
R_EAX_401105_3_10 = (V_03_401105_1_10 | 0x10)
R_EIP_401105_3_10 = 0x401105L
R_ESI_401105_4_10 = 0x4093b9L
R_EIP_401105_4_10 = 0x401106L
V_00_401106_0_10 = (R_EAX_401105_3_10 & 0xff)
R_EIP_401106_0_10 = 0x401106L
V_01_401106_1_10 = (R_EBX_40110d_4_f & 0xff)
R_EIP_401106_1_10 = 0x401106L
V_02_401106_2_10 = (V_00_401106_0_10 - V_01_401106_1_10)
R_EIP_401106_2_10 = 0x401106L
V_05_401106_3_10 = (R_EAX_401105_3_10 & 0xffffff00)
R_EIP_401106_3_10 = 0x401106L
V_06_401106_4_10 = (V_02_401106_2_10 | 0x0)
R_EIP_401106_4_10 = 0x401106L
R_EAX_401106_5_10 = (V_05_401106_3_10 | V_06_401106_4_10)
R_EIP_401106_5_10 = 0x401108L
V_00_401108_0_10 = (R_EAX_401106_5_10 & 0xff)
R_EIP_401108_0_10 = 0x401108L
V_01_401108_1_10 = (R_EDX_40110b_4_f & 0xff)
R_EIP_401108_1_10 = 0x401108L
V_02_401108_2_10 = (V_00_401108_0_10 ^ V_01_401108_1_10)
R_EIP_401108_2_10 = 0x401108L
V_04_401108_3_10 = (R_EAX_401106_5_10 & 0xffffff00)
R_EIP_401108_3_10 = 0x401108L
V_05_401108_4_10 = (V_02_401108_2_10 | 0x0)
R_EIP_401108_4_10 = 0x401108L
R_EAX_401108_5_10 = (V_04_401108_3_10 | V_05_401108_4_10)
R_EIP_401108_5_10 = 0x40110aL
V_01_40110a_0_10 = (R_EAX_401108_5_10 & 0xff)
R_EIP_40110a_0_10 = 0x40110aL
R_EIP_40110a_1_10 = 0x40110aL
R_EDI_40110a_2_10 = 0x12000fe0L
R_EIP_40110a_2_10 = 0x40110bL
V_01_40110b_0_10 = 0x1fL
R_EIP_40110b_0_10 = 0x40110bL
V_02_40110b_1_10 = (R_EDX_40110b_4_f >> 0x1f)
R_EIP_40110b_1_10 = 0x40110bL
V_03_40110b_2_10 = 0x1L
R_EIP_40110b_2_10 = 0x40110bL
V_04_40110b_3_10 = (R_EDX_40110b_4_f << 0x1)
R_EIP_40110b_3_10 = 0x40110bL
R_EDX_40110b_4_10 = (V_04_40110b_3_10 | V_02_40110b_1_10)
R_EIP_40110b_4_10 = 0x40110dL
V_01_40110d_0_10 = 0x1fL
R_EIP_40110d_0_10 = 0x40110dL
V_02_40110d_1_10 = (R_EBX_40110d_4_f >> 0x1f)
R_EIP_40110d_1_10 = 0x40110dL
V_03_40110d_2_10 = 0x1L
R_EIP_40110d_2_10 = 0x40110dL
V_04_40110d_3_10 = (R_EBX_40110d_4_f << 0x1)
R_EIP_40110d_3_10 = 0x40110dL
R_EBX_40110d_4_10 = (V_04_40110d_3_10 | V_02_40110d_1_10)
R_EIP_40110d_4_10 = 0x40110fL
R_ECX_40110f_0_10 = 0xfL
R_EIP_40110f_0_10 = 0x40110fL
V_03_40110f_1_10 = 0x0
R_EIP_40110f_1_10 = 0x40110fL
V_02_40110f_2_10 = 0x1
R_EIP_40110f_2_10 = 0x40110fL
V_02_401105_0_11 = 0x11
R_EIP_401105_0_11 = 0x401105L
V_03_401105_1_11 = (R_EAX_401108_5_10 & 0xffffff00)
R_EIP_401105_1_11 = 0x401105L
V_04_401105_2_11 = 0x11L
R_EIP_401105_2_11 = 0x401105L
R_EAX_401105_3_11 = (V_03_401105_1_11 | 0x11)
R_EIP_401105_3_11 = 0x401105L
R_ESI_401105_4_11 = 0x4093baL
R_EIP_401105_4_11 = 0x401106L
V_00_401106_0_11 = (R_EAX_401105_3_11 & 0xff)
R_EIP_401106_0_11 = 0x401106L
V_01_401106_1_11 = (R_EBX_40110d_4_10 & 0xff)
R_EIP_401106_1_11 = 0x401106L
V_02_401106_2_11 = (V_00_401106_0_11 - V_01_401106_1_11)
R_EIP_401106_2_11 = 0x401106L
V_05_401106_3_11 = (R_EAX_401105_3_11 & 0xffffff00)
R_EIP_401106_3_11 = 0x401106L
V_06_401106_4_11 = (V_02_401106_2_11 | 0x0)
R_EIP_401106_4_11 = 0x401106L
R_EAX_401106_5_11 = (V_05_401106_3_11 | V_06_401106_4_11)
R_EIP_401106_5_11 = 0x401108L
V_00_401108_0_11 = (R_EAX_401106_5_11 & 0xff)
R_EIP_401108_0_11 = 0x401108L
V_01_401108_1_11 = (R_EDX_40110b_4_10 & 0xff)
R_EIP_401108_1_11 = 0x401108L
V_02_401108_2_11 = (V_00_401108_0_11 ^ V_01_401108_1_11)
R_EIP_401108_2_11 = 0x401108L
V_04_401108_3_11 = (R_EAX_401106_5_11 & 0xffffff00)
R_EIP_401108_3_11 = 0x401108L
V_05_401108_4_11 = (V_02_401108_2_11 | 0x0)
R_EIP_401108_4_11 = 0x401108L
R_EAX_401108_5_11 = (V_04_401108_3_11 | V_05_401108_4_11)
R_EIP_401108_5_11 = 0x40110aL
V_01_40110a_0_11 = (R_EAX_401108_5_11 & 0xff)
R_EIP_40110a_0_11 = 0x40110aL
R_EIP_40110a_1_11 = 0x40110aL
R_EDI_40110a_2_11 = 0x12000fe1L
R_EIP_40110a_2_11 = 0x40110bL
V_01_40110b_0_11 = 0x1fL
R_EIP_40110b_0_11 = 0x40110bL
V_02_40110b_1_11 = (R_EDX_40110b_4_10 >> 0x1f)
R_EIP_40110b_1_11 = 0x40110bL
V_03_40110b_2_11 = 0x1L
R_EIP_40110b_2_11 = 0x40110bL
V_04_40110b_3_11 = (R_EDX_40110b_4_10 << 0x1)
R_EIP_40110b_3_11 = 0x40110bL
R_EDX_40110b_4_11 = (V_04_40110b_3_11 | V_02_40110b_1_11)
R_EIP_40110b_4_11 = 0x40110dL
V_01_40110d_0_11 = 0x1fL
R_EIP_40110d_0_11 = 0x40110dL
V_02_40110d_1_11 = (R_EBX_40110d_4_10 >> 0x1f)
R_EIP_40110d_1_11 = 0x40110dL
V_03_40110d_2_11 = 0x1L
R_EIP_40110d_2_11 = 0x40110dL
V_04_40110d_3_11 = (R_EBX_40110d_4_10 << 0x1)
R_EIP_40110d_3_11 = 0x40110dL
R_EBX_40110d_4_11 = (V_04_40110d_3_11 | V_02_40110d_1_11)
R_EIP_40110d_4_11 = 0x40110fL
R_ECX_40110f_0_11 = 0xeL
R_EIP_40110f_0_11 = 0x40110fL
V_03_40110f_1_11 = 0x0
R_EIP_40110f_1_11 = 0x40110fL
V_02_40110f_2_11 = 0x1
R_EIP_40110f_2_11 = 0x40110fL
V_02_401105_0_12 = 0x12
R_EIP_401105_0_12 = 0x401105L
V_03_401105_1_12 = (R_EAX_401108_5_11 & 0xffffff00)
R_EIP_401105_1_12 = 0x401105L
V_04_401105_2_12 = 0x12L
R_EIP_401105_2_12 = 0x401105L
R_EAX_401105_3_12 = (V_03_401105_1_12 | 0x12)
R_EIP_401105_3_12 = 0x401105L
R_ESI_401105_4_12 = 0x4093bbL
R_EIP_401105_4_12 = 0x401106L
V_00_401106_0_12 = (R_EAX_401105_3_12 & 0xff)
R_EIP_401106_0_12 = 0x401106L
V_01_401106_1_12 = (R_EBX_40110d_4_11 & 0xff)
R_EIP_401106_1_12 = 0x401106L
V_02_401106_2_12 = (V_00_401106_0_12 - V_01_401106_1_12)
R_EIP_401106_2_12 = 0x401106L
V_05_401106_3_12 = (R_EAX_401105_3_12 & 0xffffff00)
R_EIP_401106_3_12 = 0x401106L
V_06_401106_4_12 = (V_02_401106_2_12 | 0x0)
R_EIP_401106_4_12 = 0x401106L
R_EAX_401106_5_12 = (V_05_401106_3_12 | V_06_401106_4_12)
R_EIP_401106_5_12 = 0x401108L
V_00_401108_0_12 = (R_EAX_401106_5_12 & 0xff)
R_EIP_401108_0_12 = 0x401108L
V_01_401108_1_12 = (R_EDX_40110b_4_11 & 0xff)
R_EIP_401108_1_12 = 0x401108L
V_02_401108_2_12 = (V_00_401108_0_12 ^ V_01_401108_1_12)
R_EIP_401108_2_12 = 0x401108L
V_04_401108_3_12 = (R_EAX_401106_5_12 & 0xffffff00)
R_EIP_401108_3_12 = 0x401108L
V_05_401108_4_12 = (V_02_401108_2_12 | 0x0)
R_EIP_401108_4_12 = 0x401108L
R_EAX_401108_5_12 = (V_04_401108_3_12 | V_05_401108_4_12)
R_EIP_401108_5_12 = 0x40110aL
V_01_40110a_0_12 = (R_EAX_401108_5_12 & 0xff)
R_EIP_40110a_0_12 = 0x40110aL
R_EIP_40110a_1_12 = 0x40110aL
R_EDI_40110a_2_12 = 0x12000fe2L
R_EIP_40110a_2_12 = 0x40110bL
V_01_40110b_0_12 = 0x1fL
R_EIP_40110b_0_12 = 0x40110bL
V_02_40110b_1_12 = (R_EDX_40110b_4_11 >> 0x1f)
R_EIP_40110b_1_12 = 0x40110bL
V_03_40110b_2_12 = 0x1L
R_EIP_40110b_2_12 = 0x40110bL
V_04_40110b_3_12 = (R_EDX_40110b_4_11 << 0x1)
R_EIP_40110b_3_12 = 0x40110bL
R_EDX_40110b_4_12 = (V_04_40110b_3_12 | V_02_40110b_1_12)
R_EIP_40110b_4_12 = 0x40110dL
V_01_40110d_0_12 = 0x1fL
R_EIP_40110d_0_12 = 0x40110dL
V_02_40110d_1_12 = (R_EBX_40110d_4_11 >> 0x1f)
R_EIP_40110d_1_12 = 0x40110dL
V_03_40110d_2_12 = 0x1L
R_EIP_40110d_2_12 = 0x40110dL
V_04_40110d_3_12 = (R_EBX_40110d_4_11 << 0x1)
R_EIP_40110d_3_12 = 0x40110dL
R_EBX_40110d_4_12 = (V_04_40110d_3_12 | V_02_40110d_1_12)
R_EIP_40110d_4_12 = 0x40110fL
R_ECX_40110f_0_12 = 0xdL
R_EIP_40110f_0_12 = 0x40110fL
V_03_40110f_1_12 = 0x0
R_EIP_40110f_1_12 = 0x40110fL
V_02_40110f_2_12 = 0x1
R_EIP_40110f_2_12 = 0x40110fL
V_02_401105_0_13 = 0x13
R_EIP_401105_0_13 = 0x401105L
V_03_401105_1_13 = (R_EAX_401108_5_12 & 0xffffff00)
R_EIP_401105_1_13 = 0x401105L
V_04_401105_2_13 = 0x13L
R_EIP_401105_2_13 = 0x401105L
R_EAX_401105_3_13 = (V_03_401105_1_13 | 0x13)
R_EIP_401105_3_13 = 0x401105L
R_ESI_401105_4_13 = 0x4093bcL
R_EIP_401105_4_13 = 0x401106L
V_00_401106_0_13 = (R_EAX_401105_3_13 & 0xff)
R_EIP_401106_0_13 = 0x401106L
V_01_401106_1_13 = (R_EBX_40110d_4_12 & 0xff)
R_EIP_401106_1_13 = 0x401106L
V_02_401106_2_13 = (V_00_401106_0_13 - V_01_401106_1_13)
R_EIP_401106_2_13 = 0x401106L
V_05_401106_3_13 = (R_EAX_401105_3_13 & 0xffffff00)
R_EIP_401106_3_13 = 0x401106L
V_06_401106_4_13 = (V_02_401106_2_13 | 0x0)
R_EIP_401106_4_13 = 0x401106L
R_EAX_401106_5_13 = (V_05_401106_3_13 | V_06_401106_4_13)
R_EIP_401106_5_13 = 0x401108L
V_00_401108_0_13 = (R_EAX_401106_5_13 & 0xff)
R_EIP_401108_0_13 = 0x401108L
V_01_401108_1_13 = (R_EDX_40110b_4_12 & 0xff)
R_EIP_401108_1_13 = 0x401108L
V_02_401108_2_13 = (V_00_401108_0_13 ^ V_01_401108_1_13)
R_EIP_401108_2_13 = 0x401108L
V_04_401108_3_13 = (R_EAX_401106_5_13 & 0xffffff00)
R_EIP_401108_3_13 = 0x401108L
V_05_401108_4_13 = (V_02_401108_2_13 | 0x0)
R_EIP_401108_4_13 = 0x401108L
R_EAX_401108_5_13 = (V_04_401108_3_13 | V_05_401108_4_13)
R_EIP_401108_5_13 = 0x40110aL
V_01_40110a_0_13 = (R_EAX_401108_5_13 & 0xff)
R_EIP_40110a_0_13 = 0x40110aL
R_EIP_40110a_1_13 = 0x40110aL
R_EDI_40110a_2_13 = 0x12000fe3L
R_EIP_40110a_2_13 = 0x40110bL
V_01_40110b_0_13 = 0x1fL
R_EIP_40110b_0_13 = 0x40110bL
V_02_40110b_1_13 = (R_EDX_40110b_4_12 >> 0x1f)
R_EIP_40110b_1_13 = 0x40110bL
V_03_40110b_2_13 = 0x1L
R_EIP_40110b_2_13 = 0x40110bL
V_04_40110b_3_13 = (R_EDX_40110b_4_12 << 0x1)
R_EIP_40110b_3_13 = 0x40110bL
R_EDX_40110b_4_13 = (V_04_40110b_3_13 | V_02_40110b_1_13)
R_EIP_40110b_4_13 = 0x40110dL
V_01_40110d_0_13 = 0x1fL
R_EIP_40110d_0_13 = 0x40110dL
V_02_40110d_1_13 = (R_EBX_40110d_4_12 >> 0x1f)
R_EIP_40110d_1_13 = 0x40110dL
V_03_40110d_2_13 = 0x1L
R_EIP_40110d_2_13 = 0x40110dL
V_04_40110d_3_13 = (R_EBX_40110d_4_12 << 0x1)
R_EIP_40110d_3_13 = 0x40110dL
R_EBX_40110d_4_13 = (V_04_40110d_3_13 | V_02_40110d_1_13)
R_EIP_40110d_4_13 = 0x40110fL
R_ECX_40110f_0_13 = 0xcL
R_EIP_40110f_0_13 = 0x40110fL
V_03_40110f_1_13 = 0x0
R_EIP_40110f_1_13 = 0x40110fL
V_02_40110f_2_13 = 0x1
R_EIP_40110f_2_13 = 0x40110fL
V_02_401105_0_14 = 0x14
R_EIP_401105_0_14 = 0x401105L
V_03_401105_1_14 = (R_EAX_401108_5_13 & 0xffffff00)
R_EIP_401105_1_14 = 0x401105L
V_04_401105_2_14 = 0x14L
R_EIP_401105_2_14 = 0x401105L
R_EAX_401105_3_14 = (V_03_401105_1_14 | 0x14)
R_EIP_401105_3_14 = 0x401105L
R_ESI_401105_4_14 = 0x4093bdL
R_EIP_401105_4_14 = 0x401106L
V_00_401106_0_14 = (R_EAX_401105_3_14 & 0xff)
R_EIP_401106_0_14 = 0x401106L
V_01_401106_1_14 = (R_EBX_40110d_4_13 & 0xff)
R_EIP_401106_1_14 = 0x401106L
V_02_401106_2_14 = (V_00_401106_0_14 - V_01_401106_1_14)
R_EIP_401106_2_14 = 0x401106L
V_05_401106_3_14 = (R_EAX_401105_3_14 & 0xffffff00)
R_EIP_401106_3_14 = 0x401106L
V_06_401106_4_14 = (V_02_401106_2_14 | 0x0)
R_EIP_401106_4_14 = 0x401106L
R_EAX_401106_5_14 = (V_05_401106_3_14 | V_06_401106_4_14)
R_EIP_401106_5_14 = 0x401108L
V_00_401108_0_14 = (R_EAX_401106_5_14 & 0xff)
R_EIP_401108_0_14 = 0x401108L
V_01_401108_1_14 = (R_EDX_40110b_4_13 & 0xff)
R_EIP_401108_1_14 = 0x401108L
V_02_401108_2_14 = (V_00_401108_0_14 ^ V_01_401108_1_14)
R_EIP_401108_2_14 = 0x401108L
V_04_401108_3_14 = (R_EAX_401106_5_14 & 0xffffff00)
R_EIP_401108_3_14 = 0x401108L
V_05_401108_4_14 = (V_02_401108_2_14 | 0x0)
R_EIP_401108_4_14 = 0x401108L
R_EAX_401108_5_14 = (V_04_401108_3_14 | V_05_401108_4_14)
R_EIP_401108_5_14 = 0x40110aL
V_01_40110a_0_14 = (R_EAX_401108_5_14 & 0xff)
R_EIP_40110a_0_14 = 0x40110aL
R_EIP_40110a_1_14 = 0x40110aL
R_EDI_40110a_2_14 = 0x12000fe4L
R_EIP_40110a_2_14 = 0x40110bL
V_01_40110b_0_14 = 0x1fL
R_EIP_40110b_0_14 = 0x40110bL
V_02_40110b_1_14 = (R_EDX_40110b_4_13 >> 0x1f)
R_EIP_40110b_1_14 = 0x40110bL
V_03_40110b_2_14 = 0x1L
R_EIP_40110b_2_14 = 0x40110bL
V_04_40110b_3_14 = (R_EDX_40110b_4_13 << 0x1)
R_EIP_40110b_3_14 = 0x40110bL
R_EDX_40110b_4_14 = (V_04_40110b_3_14 | V_02_40110b_1_14)
R_EIP_40110b_4_14 = 0x40110dL
V_01_40110d_0_14 = 0x1fL
R_EIP_40110d_0_14 = 0x40110dL
V_02_40110d_1_14 = (R_EBX_40110d_4_13 >> 0x1f)
R_EIP_40110d_1_14 = 0x40110dL
V_03_40110d_2_14 = 0x1L
R_EIP_40110d_2_14 = 0x40110dL
V_04_40110d_3_14 = (R_EBX_40110d_4_13 << 0x1)
R_EIP_40110d_3_14 = 0x40110dL
R_EBX_40110d_4_14 = (V_04_40110d_3_14 | V_02_40110d_1_14)
R_EIP_40110d_4_14 = 0x40110fL
R_ECX_40110f_0_14 = 0xbL
R_EIP_40110f_0_14 = 0x40110fL
V_03_40110f_1_14 = 0x0
R_EIP_40110f_1_14 = 0x40110fL
V_02_40110f_2_14 = 0x1
R_EIP_40110f_2_14 = 0x40110fL
V_02_401105_0_15 = 0x15
R_EIP_401105_0_15 = 0x401105L
V_03_401105_1_15 = (R_EAX_401108_5_14 & 0xffffff00)
R_EIP_401105_1_15 = 0x401105L
V_04_401105_2_15 = 0x15L
R_EIP_401105_2_15 = 0x401105L
R_EAX_401105_3_15 = (V_03_401105_1_15 | 0x15)
R_EIP_401105_3_15 = 0x401105L
R_ESI_401105_4_15 = 0x4093beL
R_EIP_401105_4_15 = 0x401106L
V_00_401106_0_15 = (R_EAX_401105_3_15 & 0xff)
R_EIP_401106_0_15 = 0x401106L
V_01_401106_1_15 = (R_EBX_40110d_4_14 & 0xff)
R_EIP_401106_1_15 = 0x401106L
V_02_401106_2_15 = (V_00_401106_0_15 - V_01_401106_1_15)
R_EIP_401106_2_15 = 0x401106L
V_05_401106_3_15 = (R_EAX_401105_3_15 & 0xffffff00)
R_EIP_401106_3_15 = 0x401106L
V_06_401106_4_15 = (V_02_401106_2_15 | 0x0)
R_EIP_401106_4_15 = 0x401106L
R_EAX_401106_5_15 = (V_05_401106_3_15 | V_06_401106_4_15)
R_EIP_401106_5_15 = 0x401108L
V_00_401108_0_15 = (R_EAX_401106_5_15 & 0xff)
R_EIP_401108_0_15 = 0x401108L
V_01_401108_1_15 = (R_EDX_40110b_4_14 & 0xff)
R_EIP_401108_1_15 = 0x401108L
V_02_401108_2_15 = (V_00_401108_0_15 ^ V_01_401108_1_15)
R_EIP_401108_2_15 = 0x401108L
V_04_401108_3_15 = (R_EAX_401106_5_15 & 0xffffff00)
R_EIP_401108_3_15 = 0x401108L
V_05_401108_4_15 = (V_02_401108_2_15 | 0x0)
R_EIP_401108_4_15 = 0x401108L
R_EAX_401108_5_15 = (V_04_401108_3_15 | V_05_401108_4_15)
R_EIP_401108_5_15 = 0x40110aL
V_01_40110a_0_15 = (R_EAX_401108_5_15 & 0xff)
R_EIP_40110a_0_15 = 0x40110aL
R_EIP_40110a_1_15 = 0x40110aL
R_EDI_40110a_2_15 = 0x12000fe5L
R_EIP_40110a_2_15 = 0x40110bL
V_01_40110b_0_15 = 0x1fL
R_EIP_40110b_0_15 = 0x40110bL
V_02_40110b_1_15 = (R_EDX_40110b_4_14 >> 0x1f)
R_EIP_40110b_1_15 = 0x40110bL
V_03_40110b_2_15 = 0x1L
R_EIP_40110b_2_15 = 0x40110bL
V_04_40110b_3_15 = (R_EDX_40110b_4_14 << 0x1)
R_EIP_40110b_3_15 = 0x40110bL
R_EDX_40110b_4_15 = (V_04_40110b_3_15 | V_02_40110b_1_15)
R_EIP_40110b_4_15 = 0x40110dL
V_01_40110d_0_15 = 0x1fL
R_EIP_40110d_0_15 = 0x40110dL
V_02_40110d_1_15 = (R_EBX_40110d_4_14 >> 0x1f)
R_EIP_40110d_1_15 = 0x40110dL
V_03_40110d_2_15 = 0x1L
R_EIP_40110d_2_15 = 0x40110dL
V_04_40110d_3_15 = (R_EBX_40110d_4_14 << 0x1)
R_EIP_40110d_3_15 = 0x40110dL
R_EBX_40110d_4_15 = (V_04_40110d_3_15 | V_02_40110d_1_15)
R_EIP_40110d_4_15 = 0x40110fL
R_ECX_40110f_0_15 = 0xaL
R_EIP_40110f_0_15 = 0x40110fL
V_03_40110f_1_15 = 0x0
R_EIP_40110f_1_15 = 0x40110fL
V_02_40110f_2_15 = 0x1
R_EIP_40110f_2_15 = 0x40110fL
V_02_401105_0_16 = 0x16
R_EIP_401105_0_16 = 0x401105L
V_03_401105_1_16 = (R_EAX_401108_5_15 & 0xffffff00)
R_EIP_401105_1_16 = 0x401105L
V_04_401105_2_16 = 0x16L
R_EIP_401105_2_16 = 0x401105L
R_EAX_401105_3_16 = (V_03_401105_1_16 | 0x16)
R_EIP_401105_3_16 = 0x401105L
R_ESI_401105_4_16 = 0x4093bfL
R_EIP_401105_4_16 = 0x401106L
V_00_401106_0_16 = (R_EAX_401105_3_16 & 0xff)
R_EIP_401106_0_16 = 0x401106L
V_01_401106_1_16 = (R_EBX_40110d_4_15 & 0xff)
R_EIP_401106_1_16 = 0x401106L
V_02_401106_2_16 = (V_00_401106_0_16 - V_01_401106_1_16)
R_EIP_401106_2_16 = 0x401106L
V_05_401106_3_16 = (R_EAX_401105_3_16 & 0xffffff00)
R_EIP_401106_3_16 = 0x401106L
V_06_401106_4_16 = (V_02_401106_2_16 | 0x0)
R_EIP_401106_4_16 = 0x401106L
R_EAX_401106_5_16 = (V_05_401106_3_16 | V_06_401106_4_16)
R_EIP_401106_5_16 = 0x401108L
V_00_401108_0_16 = (R_EAX_401106_5_16 & 0xff)
R_EIP_401108_0_16 = 0x401108L
V_01_401108_1_16 = (R_EDX_40110b_4_15 & 0xff)
R_EIP_401108_1_16 = 0x401108L
V_02_401108_2_16 = (V_00_401108_0_16 ^ V_01_401108_1_16)
R_EIP_401108_2_16 = 0x401108L
V_04_401108_3_16 = (R_EAX_401106_5_16 & 0xffffff00)
R_EIP_401108_3_16 = 0x401108L
V_05_401108_4_16 = (V_02_401108_2_16 | 0x0)
R_EIP_401108_4_16 = 0x401108L
R_EAX_401108_5_16 = (V_04_401108_3_16 | V_05_401108_4_16)
R_EIP_401108_5_16 = 0x40110aL
V_01_40110a_0_16 = (R_EAX_401108_5_16 & 0xff)
R_EIP_40110a_0_16 = 0x40110aL
R_EIP_40110a_1_16 = 0x40110aL
R_EDI_40110a_2_16 = 0x12000fe6L
R_EIP_40110a_2_16 = 0x40110bL
V_01_40110b_0_16 = 0x1fL
R_EIP_40110b_0_16 = 0x40110bL
V_02_40110b_1_16 = (R_EDX_40110b_4_15 >> 0x1f)
R_EIP_40110b_1_16 = 0x40110bL
V_03_40110b_2_16 = 0x1L
R_EIP_40110b_2_16 = 0x40110bL
V_04_40110b_3_16 = (R_EDX_40110b_4_15 << 0x1)
R_EIP_40110b_3_16 = 0x40110bL
R_EDX_40110b_4_16 = (V_04_40110b_3_16 | V_02_40110b_1_16)
R_EIP_40110b_4_16 = 0x40110dL
V_01_40110d_0_16 = 0x1fL
R_EIP_40110d_0_16 = 0x40110dL
V_02_40110d_1_16 = (R_EBX_40110d_4_15 >> 0x1f)
R_EIP_40110d_1_16 = 0x40110dL
V_03_40110d_2_16 = 0x1L
R_EIP_40110d_2_16 = 0x40110dL
V_04_40110d_3_16 = (R_EBX_40110d_4_15 << 0x1)
R_EIP_40110d_3_16 = 0x40110dL
R_EBX_40110d_4_16 = (V_04_40110d_3_16 | V_02_40110d_1_16)
R_EIP_40110d_4_16 = 0x40110fL
R_ECX_40110f_0_16 = 0x9L
R_EIP_40110f_0_16 = 0x40110fL
V_03_40110f_1_16 = 0x0
R_EIP_40110f_1_16 = 0x40110fL
V_02_40110f_2_16 = 0x1
R_EIP_40110f_2_16 = 0x40110fL
V_02_401105_0_17 = 0x17
R_EIP_401105_0_17 = 0x401105L
V_03_401105_1_17 = (R_EAX_401108_5_16 & 0xffffff00)
R_EIP_401105_1_17 = 0x401105L
V_04_401105_2_17 = 0x17L
R_EIP_401105_2_17 = 0x401105L
R_EAX_401105_3_17 = (V_03_401105_1_17 | 0x17)
R_EIP_401105_3_17 = 0x401105L
R_ESI_401105_4_17 = 0x4093c0L
R_EIP_401105_4_17 = 0x401106L
V_00_401106_0_17 = (R_EAX_401105_3_17 & 0xff)
R_EIP_401106_0_17 = 0x401106L
V_01_401106_1_17 = (R_EBX_40110d_4_16 & 0xff)
R_EIP_401106_1_17 = 0x401106L
V_02_401106_2_17 = (V_00_401106_0_17 - V_01_401106_1_17)
R_EIP_401106_2_17 = 0x401106L
V_05_401106_3_17 = (R_EAX_401105_3_17 & 0xffffff00)
R_EIP_401106_3_17 = 0x401106L
V_06_401106_4_17 = (V_02_401106_2_17 | 0x0)
R_EIP_401106_4_17 = 0x401106L
R_EAX_401106_5_17 = (V_05_401106_3_17 | V_06_401106_4_17)
R_EIP_401106_5_17 = 0x401108L
V_00_401108_0_17 = (R_EAX_401106_5_17 & 0xff)
R_EIP_401108_0_17 = 0x401108L
V_01_401108_1_17 = (R_EDX_40110b_4_16 & 0xff)
R_EIP_401108_1_17 = 0x401108L
V_02_401108_2_17 = (V_00_401108_0_17 ^ V_01_401108_1_17)
R_EIP_401108_2_17 = 0x401108L
V_04_401108_3_17 = (R_EAX_401106_5_17 & 0xffffff00)
R_EIP_401108_3_17 = 0x401108L
V_05_401108_4_17 = (V_02_401108_2_17 | 0x0)
R_EIP_401108_4_17 = 0x401108L
R_EAX_401108_5_17 = (V_04_401108_3_17 | V_05_401108_4_17)
R_EIP_401108_5_17 = 0x40110aL
V_01_40110a_0_17 = (R_EAX_401108_5_17 & 0xff)
R_EIP_40110a_0_17 = 0x40110aL
R_EIP_40110a_1_17 = 0x40110aL
R_EDI_40110a_2_17 = 0x12000fe7L
R_EIP_40110a_2_17 = 0x40110bL
V_01_40110b_0_17 = 0x1fL
R_EIP_40110b_0_17 = 0x40110bL
V_02_40110b_1_17 = (R_EDX_40110b_4_16 >> 0x1f)
R_EIP_40110b_1_17 = 0x40110bL
V_03_40110b_2_17 = 0x1L
R_EIP_40110b_2_17 = 0x40110bL
V_04_40110b_3_17 = (R_EDX_40110b_4_16 << 0x1)
R_EIP_40110b_3_17 = 0x40110bL
R_EDX_40110b_4_17 = (V_04_40110b_3_17 | V_02_40110b_1_17)
R_EIP_40110b_4_17 = 0x40110dL
V_01_40110d_0_17 = 0x1fL
R_EIP_40110d_0_17 = 0x40110dL
V_02_40110d_1_17 = (R_EBX_40110d_4_16 >> 0x1f)
R_EIP_40110d_1_17 = 0x40110dL
V_03_40110d_2_17 = 0x1L
R_EIP_40110d_2_17 = 0x40110dL
V_04_40110d_3_17 = (R_EBX_40110d_4_16 << 0x1)
R_EIP_40110d_3_17 = 0x40110dL
R_EBX_40110d_4_17 = (V_04_40110d_3_17 | V_02_40110d_1_17)
R_EIP_40110d_4_17 = 0x40110fL
R_ECX_40110f_0_17 = 0x8L
R_EIP_40110f_0_17 = 0x40110fL
V_03_40110f_1_17 = 0x0
R_EIP_40110f_1_17 = 0x40110fL
V_02_40110f_2_17 = 0x1
R_EIP_40110f_2_17 = 0x40110fL
V_02_401105_0_18 = 0x18
R_EIP_401105_0_18 = 0x401105L
V_03_401105_1_18 = (R_EAX_401108_5_17 & 0xffffff00)
R_EIP_401105_1_18 = 0x401105L
V_04_401105_2_18 = 0x18L
R_EIP_401105_2_18 = 0x401105L
R_EAX_401105_3_18 = (V_03_401105_1_18 | 0x18)
R_EIP_401105_3_18 = 0x401105L
R_ESI_401105_4_18 = 0x4093c1L
R_EIP_401105_4_18 = 0x401106L
V_00_401106_0_18 = (R_EAX_401105_3_18 & 0xff)
R_EIP_401106_0_18 = 0x401106L
V_01_401106_1_18 = (R_EBX_40110d_4_17 & 0xff)
R_EIP_401106_1_18 = 0x401106L
V_02_401106_2_18 = (V_00_401106_0_18 - V_01_401106_1_18)
R_EIP_401106_2_18 = 0x401106L
V_05_401106_3_18 = (R_EAX_401105_3_18 & 0xffffff00)
R_EIP_401106_3_18 = 0x401106L
V_06_401106_4_18 = (V_02_401106_2_18 | 0x0)
R_EIP_401106_4_18 = 0x401106L
R_EAX_401106_5_18 = (V_05_401106_3_18 | V_06_401106_4_18)
R_EIP_401106_5_18 = 0x401108L
V_00_401108_0_18 = (R_EAX_401106_5_18 & 0xff)
R_EIP_401108_0_18 = 0x401108L
V_01_401108_1_18 = (R_EDX_40110b_4_17 & 0xff)
R_EIP_401108_1_18 = 0x401108L
V_02_401108_2_18 = (V_00_401108_0_18 ^ V_01_401108_1_18)
R_EIP_401108_2_18 = 0x401108L
V_04_401108_3_18 = (R_EAX_401106_5_18 & 0xffffff00)
R_EIP_401108_3_18 = 0x401108L
V_05_401108_4_18 = (V_02_401108_2_18 | 0x0)
R_EIP_401108_4_18 = 0x401108L
R_EAX_401108_5_18 = (V_04_401108_3_18 | V_05_401108_4_18)
R_EIP_401108_5_18 = 0x40110aL
V_01_40110a_0_18 = (R_EAX_401108_5_18 & 0xff)
R_EIP_40110a_0_18 = 0x40110aL
R_EIP_40110a_1_18 = 0x40110aL
R_EDI_40110a_2_18 = 0x12000fe8L
R_EIP_40110a_2_18 = 0x40110bL
V_01_40110b_0_18 = 0x1fL
R_EIP_40110b_0_18 = 0x40110bL
V_02_40110b_1_18 = (R_EDX_40110b_4_17 >> 0x1f)
R_EIP_40110b_1_18 = 0x40110bL
V_03_40110b_2_18 = 0x1L
R_EIP_40110b_2_18 = 0x40110bL
V_04_40110b_3_18 = (R_EDX_40110b_4_17 << 0x1)
R_EIP_40110b_3_18 = 0x40110bL
R_EDX_40110b_4_18 = (V_04_40110b_3_18 | V_02_40110b_1_18)
R_EIP_40110b_4_18 = 0x40110dL
V_01_40110d_0_18 = 0x1fL
R_EIP_40110d_0_18 = 0x40110dL
V_02_40110d_1_18 = (R_EBX_40110d_4_17 >> 0x1f)
R_EIP_40110d_1_18 = 0x40110dL
V_03_40110d_2_18 = 0x1L
R_EIP_40110d_2_18 = 0x40110dL
V_04_40110d_3_18 = (R_EBX_40110d_4_17 << 0x1)
R_EIP_40110d_3_18 = 0x40110dL
R_EBX_40110d_4_18 = (V_04_40110d_3_18 | V_02_40110d_1_18)
R_EIP_40110d_4_18 = 0x40110fL
R_ECX_40110f_0_18 = 0x7L
R_EIP_40110f_0_18 = 0x40110fL
V_03_40110f_1_18 = 0x0
R_EIP_40110f_1_18 = 0x40110fL
V_02_40110f_2_18 = 0x1
R_EIP_40110f_2_18 = 0x40110fL
V_02_401105_0_19 = 0x19
R_EIP_401105_0_19 = 0x401105L
V_03_401105_1_19 = (R_EAX_401108_5_18 & 0xffffff00)
R_EIP_401105_1_19 = 0x401105L
V_04_401105_2_19 = 0x19L
R_EIP_401105_2_19 = 0x401105L
R_EAX_401105_3_19 = (V_03_401105_1_19 | 0x19)
R_EIP_401105_3_19 = 0x401105L
R_ESI_401105_4_19 = 0x4093c2L
R_EIP_401105_4_19 = 0x401106L
V_00_401106_0_19 = (R_EAX_401105_3_19 & 0xff)
R_EIP_401106_0_19 = 0x401106L
V_01_401106_1_19 = (R_EBX_40110d_4_18 & 0xff)
R_EIP_401106_1_19 = 0x401106L
V_02_401106_2_19 = (V_00_401106_0_19 - V_01_401106_1_19)
R_EIP_401106_2_19 = 0x401106L
V_05_401106_3_19 = (R_EAX_401105_3_19 & 0xffffff00)
R_EIP_401106_3_19 = 0x401106L
V_06_401106_4_19 = (V_02_401106_2_19 | 0x0)
R_EIP_401106_4_19 = 0x401106L
R_EAX_401106_5_19 = (V_05_401106_3_19 | V_06_401106_4_19)
R_EIP_401106_5_19 = 0x401108L
V_00_401108_0_19 = (R_EAX_401106_5_19 & 0xff)
R_EIP_401108_0_19 = 0x401108L
V_01_401108_1_19 = (R_EDX_40110b_4_18 & 0xff)
R_EIP_401108_1_19 = 0x401108L
V_02_401108_2_19 = (V_00_401108_0_19 ^ V_01_401108_1_19)
R_EIP_401108_2_19 = 0x401108L
V_04_401108_3_19 = (R_EAX_401106_5_19 & 0xffffff00)
R_EIP_401108_3_19 = 0x401108L
V_05_401108_4_19 = (V_02_401108_2_19 | 0x0)
R_EIP_401108_4_19 = 0x401108L
R_EAX_401108_5_19 = (V_04_401108_3_19 | V_05_401108_4_19)
R_EIP_401108_5_19 = 0x40110aL
V_01_40110a_0_19 = (R_EAX_401108_5_19 & 0xff)
R_EIP_40110a_0_19 = 0x40110aL
R_EIP_40110a_1_19 = 0x40110aL
R_EDI_40110a_2_19 = 0x12000fe9L
R_EIP_40110a_2_19 = 0x40110bL
V_01_40110b_0_19 = 0x1fL
R_EIP_40110b_0_19 = 0x40110bL
V_02_40110b_1_19 = (R_EDX_40110b_4_18 >> 0x1f)
R_EIP_40110b_1_19 = 0x40110bL
V_03_40110b_2_19 = 0x1L
R_EIP_40110b_2_19 = 0x40110bL
V_04_40110b_3_19 = (R_EDX_40110b_4_18 << 0x1)
R_EIP_40110b_3_19 = 0x40110bL
R_EDX_40110b_4_19 = (V_04_40110b_3_19 | V_02_40110b_1_19)
R_EIP_40110b_4_19 = 0x40110dL
V_01_40110d_0_19 = 0x1fL
R_EIP_40110d_0_19 = 0x40110dL
V_02_40110d_1_19 = (R_EBX_40110d_4_18 >> 0x1f)
R_EIP_40110d_1_19 = 0x40110dL
V_03_40110d_2_19 = 0x1L
R_EIP_40110d_2_19 = 0x40110dL
V_04_40110d_3_19 = (R_EBX_40110d_4_18 << 0x1)
R_EIP_40110d_3_19 = 0x40110dL
R_EBX_40110d_4_19 = (V_04_40110d_3_19 | V_02_40110d_1_19)
R_EIP_40110d_4_19 = 0x40110fL
R_ECX_40110f_0_19 = 0x6L
R_EIP_40110f_0_19 = 0x40110fL
V_03_40110f_1_19 = 0x0
R_EIP_40110f_1_19 = 0x40110fL
V_02_40110f_2_19 = 0x1
R_EIP_40110f_2_19 = 0x40110fL
V_02_401105_0_1a = 0x1a
R_EIP_401105_0_1a = 0x401105L
V_03_401105_1_1a = (R_EAX_401108_5_19 & 0xffffff00)
R_EIP_401105_1_1a = 0x401105L
V_04_401105_2_1a = 0x1aL
R_EIP_401105_2_1a = 0x401105L
R_EAX_401105_3_1a = (V_03_401105_1_1a | 0x1a)
R_EIP_401105_3_1a = 0x401105L
R_ESI_401105_4_1a = 0x4093c3L
R_EIP_401105_4_1a = 0x401106L
V_00_401106_0_1a = (R_EAX_401105_3_1a & 0xff)
R_EIP_401106_0_1a = 0x401106L
V_01_401106_1_1a = (R_EBX_40110d_4_19 & 0xff)
R_EIP_401106_1_1a = 0x401106L
V_02_401106_2_1a = (V_00_401106_0_1a - V_01_401106_1_1a)
R_EIP_401106_2_1a = 0x401106L
V_05_401106_3_1a = (R_EAX_401105_3_1a & 0xffffff00)
R_EIP_401106_3_1a = 0x401106L
V_06_401106_4_1a = (V_02_401106_2_1a | 0x0)
R_EIP_401106_4_1a = 0x401106L
R_EAX_401106_5_1a = (V_05_401106_3_1a | V_06_401106_4_1a)
R_EIP_401106_5_1a = 0x401108L
V_00_401108_0_1a = (R_EAX_401106_5_1a & 0xff)
R_EIP_401108_0_1a = 0x401108L
V_01_401108_1_1a = (R_EDX_40110b_4_19 & 0xff)
R_EIP_401108_1_1a = 0x401108L
V_02_401108_2_1a = (V_00_401108_0_1a ^ V_01_401108_1_1a)
R_EIP_401108_2_1a = 0x401108L
V_04_401108_3_1a = (R_EAX_401106_5_1a & 0xffffff00)
R_EIP_401108_3_1a = 0x401108L
V_05_401108_4_1a = (V_02_401108_2_1a | 0x0)
R_EIP_401108_4_1a = 0x401108L
R_EAX_401108_5_1a = (V_04_401108_3_1a | V_05_401108_4_1a)
R_EIP_401108_5_1a = 0x40110aL
V_01_40110a_0_1a = (R_EAX_401108_5_1a & 0xff)
R_EIP_40110a_0_1a = 0x40110aL
R_EIP_40110a_1_1a = 0x40110aL
R_EDI_40110a_2_1a = 0x12000feaL
R_EIP_40110a_2_1a = 0x40110bL
V_01_40110b_0_1a = 0x1fL
R_EIP_40110b_0_1a = 0x40110bL
V_02_40110b_1_1a = (R_EDX_40110b_4_19 >> 0x1f)
R_EIP_40110b_1_1a = 0x40110bL
V_03_40110b_2_1a = 0x1L
R_EIP_40110b_2_1a = 0x40110bL
V_04_40110b_3_1a = (R_EDX_40110b_4_19 << 0x1)
R_EIP_40110b_3_1a = 0x40110bL
R_EDX_40110b_4_1a = (V_04_40110b_3_1a | V_02_40110b_1_1a)
R_EIP_40110b_4_1a = 0x40110dL
V_01_40110d_0_1a = 0x1fL
R_EIP_40110d_0_1a = 0x40110dL
V_02_40110d_1_1a = (R_EBX_40110d_4_19 >> 0x1f)
R_EIP_40110d_1_1a = 0x40110dL
V_03_40110d_2_1a = 0x1L
R_EIP_40110d_2_1a = 0x40110dL
V_04_40110d_3_1a = (R_EBX_40110d_4_19 << 0x1)
R_EIP_40110d_3_1a = 0x40110dL
R_EBX_40110d_4_1a = (V_04_40110d_3_1a | V_02_40110d_1_1a)
R_EIP_40110d_4_1a = 0x40110fL
R_ECX_40110f_0_1a = 0x5L
R_EIP_40110f_0_1a = 0x40110fL
V_03_40110f_1_1a = 0x0
R_EIP_40110f_1_1a = 0x40110fL
V_02_40110f_2_1a = 0x1
R_EIP_40110f_2_1a = 0x40110fL
V_02_401105_0_1b = 0x1b
R_EIP_401105_0_1b = 0x401105L
V_03_401105_1_1b = (R_EAX_401108_5_1a & 0xffffff00)
R_EIP_401105_1_1b = 0x401105L
V_04_401105_2_1b = 0x1bL
R_EIP_401105_2_1b = 0x401105L
R_EAX_401105_3_1b = (V_03_401105_1_1b | 0x1b)
R_EIP_401105_3_1b = 0x401105L
R_ESI_401105_4_1b = 0x4093c4L
R_EIP_401105_4_1b = 0x401106L
V_00_401106_0_1b = (R_EAX_401105_3_1b & 0xff)
R_EIP_401106_0_1b = 0x401106L
V_01_401106_1_1b = (R_EBX_40110d_4_1a & 0xff)
R_EIP_401106_1_1b = 0x401106L
V_02_401106_2_1b = (V_00_401106_0_1b - V_01_401106_1_1b)
R_EIP_401106_2_1b = 0x401106L
V_05_401106_3_1b = (R_EAX_401105_3_1b & 0xffffff00)
R_EIP_401106_3_1b = 0x401106L
V_06_401106_4_1b = (V_02_401106_2_1b | 0x0)
R_EIP_401106_4_1b = 0x401106L
R_EAX_401106_5_1b = (V_05_401106_3_1b | V_06_401106_4_1b)
R_EIP_401106_5_1b = 0x401108L
V_00_401108_0_1b = (R_EAX_401106_5_1b & 0xff)
R_EIP_401108_0_1b = 0x401108L
V_01_401108_1_1b = (R_EDX_40110b_4_1a & 0xff)
R_EIP_401108_1_1b = 0x401108L
V_02_401108_2_1b = (V_00_401108_0_1b ^ V_01_401108_1_1b)
R_EIP_401108_2_1b = 0x401108L
V_04_401108_3_1b = (R_EAX_401106_5_1b & 0xffffff00)
R_EIP_401108_3_1b = 0x401108L
V_05_401108_4_1b = (V_02_401108_2_1b | 0x0)
R_EIP_401108_4_1b = 0x401108L
R_EAX_401108_5_1b = (V_04_401108_3_1b | V_05_401108_4_1b)
R_EIP_401108_5_1b = 0x40110aL
V_01_40110a_0_1b = (R_EAX_401108_5_1b & 0xff)
R_EIP_40110a_0_1b = 0x40110aL
R_EIP_40110a_1_1b = 0x40110aL
R_EDI_40110a_2_1b = 0x12000febL
R_EIP_40110a_2_1b = 0x40110bL
V_01_40110b_0_1b = 0x1fL
R_EIP_40110b_0_1b = 0x40110bL
V_02_40110b_1_1b = (R_EDX_40110b_4_1a >> 0x1f)
R_EIP_40110b_1_1b = 0x40110bL
V_03_40110b_2_1b = 0x1L
R_EIP_40110b_2_1b = 0x40110bL
V_04_40110b_3_1b = (R_EDX_40110b_4_1a << 0x1)
R_EIP_40110b_3_1b = 0x40110bL
R_EDX_40110b_4_1b = (V_04_40110b_3_1b | V_02_40110b_1_1b)
R_EIP_40110b_4_1b = 0x40110dL
V_01_40110d_0_1b = 0x1fL
R_EIP_40110d_0_1b = 0x40110dL
V_02_40110d_1_1b = (R_EBX_40110d_4_1a >> 0x1f)
R_EIP_40110d_1_1b = 0x40110dL
V_03_40110d_2_1b = 0x1L
R_EIP_40110d_2_1b = 0x40110dL
V_04_40110d_3_1b = (R_EBX_40110d_4_1a << 0x1)
R_EIP_40110d_3_1b = 0x40110dL
R_EBX_40110d_4_1b = (V_04_40110d_3_1b | V_02_40110d_1_1b)
R_EIP_40110d_4_1b = 0x40110fL
R_ECX_40110f_0_1b = 0x4L
R_EIP_40110f_0_1b = 0x40110fL
V_03_40110f_1_1b = 0x0
R_EIP_40110f_1_1b = 0x40110fL
V_02_40110f_2_1b = 0x1
R_EIP_40110f_2_1b = 0x40110fL
V_02_401105_0_1c = 0x1c
R_EIP_401105_0_1c = 0x401105L
V_03_401105_1_1c = (R_EAX_401108_5_1b & 0xffffff00)
R_EIP_401105_1_1c = 0x401105L
V_04_401105_2_1c = 0x1cL
R_EIP_401105_2_1c = 0x401105L
R_EAX_401105_3_1c = (V_03_401105_1_1c | 0x1c)
R_EIP_401105_3_1c = 0x401105L
R_ESI_401105_4_1c = 0x4093c5L
R_EIP_401105_4_1c = 0x401106L
V_00_401106_0_1c = (R_EAX_401105_3_1c & 0xff)
R_EIP_401106_0_1c = 0x401106L
V_01_401106_1_1c = (R_EBX_40110d_4_1b & 0xff)
R_EIP_401106_1_1c = 0x401106L
V_02_401106_2_1c = (V_00_401106_0_1c - V_01_401106_1_1c)
R_EIP_401106_2_1c = 0x401106L
V_05_401106_3_1c = (R_EAX_401105_3_1c & 0xffffff00)
R_EIP_401106_3_1c = 0x401106L
V_06_401106_4_1c = (V_02_401106_2_1c | 0x0)
R_EIP_401106_4_1c = 0x401106L
R_EAX_401106_5_1c = (V_05_401106_3_1c | V_06_401106_4_1c)
R_EIP_401106_5_1c = 0x401108L
V_00_401108_0_1c = (R_EAX_401106_5_1c & 0xff)
R_EIP_401108_0_1c = 0x401108L
V_01_401108_1_1c = (R_EDX_40110b_4_1b & 0xff)
R_EIP_401108_1_1c = 0x401108L
V_02_401108_2_1c = (V_00_401108_0_1c ^ V_01_401108_1_1c)
R_EIP_401108_2_1c = 0x401108L
V_04_401108_3_1c = (R_EAX_401106_5_1c & 0xffffff00)
R_EIP_401108_3_1c = 0x401108L
V_05_401108_4_1c = (V_02_401108_2_1c | 0x0)
R_EIP_401108_4_1c = 0x401108L
R_EAX_401108_5_1c = (V_04_401108_3_1c | V_05_401108_4_1c)
R_EIP_401108_5_1c = 0x40110aL
V_01_40110a_0_1c = (R_EAX_401108_5_1c & 0xff)
R_EIP_40110a_0_1c = 0x40110aL
R_EIP_40110a_1_1c = 0x40110aL
R_EDI_40110a_2_1c = 0x12000fecL
R_EIP_40110a_2_1c = 0x40110bL
V_01_40110b_0_1c = 0x1fL
R_EIP_40110b_0_1c = 0x40110bL
V_02_40110b_1_1c = (R_EDX_40110b_4_1b >> 0x1f)
R_EIP_40110b_1_1c = 0x40110bL
V_03_40110b_2_1c = 0x1L
R_EIP_40110b_2_1c = 0x40110bL
V_04_40110b_3_1c = (R_EDX_40110b_4_1b << 0x1)
R_EIP_40110b_3_1c = 0x40110bL
R_EDX_40110b_4_1c = (V_04_40110b_3_1c | V_02_40110b_1_1c)
R_EIP_40110b_4_1c = 0x40110dL
V_01_40110d_0_1c = 0x1fL
R_EIP_40110d_0_1c = 0x40110dL
V_02_40110d_1_1c = (R_EBX_40110d_4_1b >> 0x1f)
R_EIP_40110d_1_1c = 0x40110dL
V_03_40110d_2_1c = 0x1L
R_EIP_40110d_2_1c = 0x40110dL
V_04_40110d_3_1c = (R_EBX_40110d_4_1b << 0x1)
R_EIP_40110d_3_1c = 0x40110dL
R_EBX_40110d_4_1c = (V_04_40110d_3_1c | V_02_40110d_1_1c)
R_EIP_40110d_4_1c = 0x40110fL
R_ECX_40110f_0_1c = 0x3L
R_EIP_40110f_0_1c = 0x40110fL
V_03_40110f_1_1c = 0x0
R_EIP_40110f_1_1c = 0x40110fL
V_02_40110f_2_1c = 0x1
R_EIP_40110f_2_1c = 0x40110fL
V_02_401105_0_1d = 0x1d
R_EIP_401105_0_1d = 0x401105L
V_03_401105_1_1d = (R_EAX_401108_5_1c & 0xffffff00)
R_EIP_401105_1_1d = 0x401105L
V_04_401105_2_1d = 0x1dL
R_EIP_401105_2_1d = 0x401105L
R_EAX_401105_3_1d = (V_03_401105_1_1d | 0x1d)
R_EIP_401105_3_1d = 0x401105L
R_ESI_401105_4_1d = 0x4093c6L
R_EIP_401105_4_1d = 0x401106L
V_00_401106_0_1d = (R_EAX_401105_3_1d & 0xff)
R_EIP_401106_0_1d = 0x401106L
V_01_401106_1_1d = (R_EBX_40110d_4_1c & 0xff)
R_EIP_401106_1_1d = 0x401106L
V_02_401106_2_1d = (V_00_401106_0_1d - V_01_401106_1_1d)
R_EIP_401106_2_1d = 0x401106L
V_05_401106_3_1d = (R_EAX_401105_3_1d & 0xffffff00)
R_EIP_401106_3_1d = 0x401106L
V_06_401106_4_1d = (V_02_401106_2_1d | 0x0)
R_EIP_401106_4_1d = 0x401106L
R_EAX_401106_5_1d = (V_05_401106_3_1d | V_06_401106_4_1d)
R_EIP_401106_5_1d = 0x401108L
V_00_401108_0_1d = (R_EAX_401106_5_1d & 0xff)
R_EIP_401108_0_1d = 0x401108L
V_01_401108_1_1d = (R_EDX_40110b_4_1c & 0xff)
R_EIP_401108_1_1d = 0x401108L
V_02_401108_2_1d = (V_00_401108_0_1d ^ V_01_401108_1_1d)
R_EIP_401108_2_1d = 0x401108L
V_04_401108_3_1d = (R_EAX_401106_5_1d & 0xffffff00)
R_EIP_401108_3_1d = 0x401108L
V_05_401108_4_1d = (V_02_401108_2_1d | 0x0)
R_EIP_401108_4_1d = 0x401108L
R_EAX_401108_5_1d = (V_04_401108_3_1d | V_05_401108_4_1d)
R_EIP_401108_5_1d = 0x40110aL
V_01_40110a_0_1d = (R_EAX_401108_5_1d & 0xff)
R_EIP_40110a_0_1d = 0x40110aL
R_EIP_40110a_1_1d = 0x40110aL
R_EDI_40110a_2_1d = 0x12000fedL
R_EIP_40110a_2_1d = 0x40110bL
V_01_40110b_0_1d = 0x1fL
R_EIP_40110b_0_1d = 0x40110bL
V_02_40110b_1_1d = (R_EDX_40110b_4_1c >> 0x1f)
R_EIP_40110b_1_1d = 0x40110bL
V_03_40110b_2_1d = 0x1L
R_EIP_40110b_2_1d = 0x40110bL
V_04_40110b_3_1d = (R_EDX_40110b_4_1c << 0x1)
R_EIP_40110b_3_1d = 0x40110bL
R_EDX_40110b_4_1d = (V_04_40110b_3_1d | V_02_40110b_1_1d)
R_EIP_40110b_4_1d = 0x40110dL
V_01_40110d_0_1d = 0x1fL
R_EIP_40110d_0_1d = 0x40110dL
V_02_40110d_1_1d = (R_EBX_40110d_4_1c >> 0x1f)
R_EIP_40110d_1_1d = 0x40110dL
V_03_40110d_2_1d = 0x1L
R_EIP_40110d_2_1d = 0x40110dL
V_04_40110d_3_1d = (R_EBX_40110d_4_1c << 0x1)
R_EIP_40110d_3_1d = 0x40110dL
R_EBX_40110d_4_1d = (V_04_40110d_3_1d | V_02_40110d_1_1d)
R_EIP_40110d_4_1d = 0x40110fL
R_ECX_40110f_0_1d = 0x2L
R_EIP_40110f_0_1d = 0x40110fL
V_03_40110f_1_1d = 0x0
R_EIP_40110f_1_1d = 0x40110fL
V_02_40110f_2_1d = 0x1
R_EIP_40110f_2_1d = 0x40110fL
V_02_401105_0_1e = 0x1e
R_EIP_401105_0_1e = 0x401105L
V_03_401105_1_1e = (R_EAX_401108_5_1d & 0xffffff00)
R_EIP_401105_1_1e = 0x401105L
V_04_401105_2_1e = 0x1eL
R_EIP_401105_2_1e = 0x401105L
R_EAX_401105_3_1e = (V_03_401105_1_1e | 0x1e)
R_EIP_401105_3_1e = 0x401105L
R_ESI_401105_4_1e = 0x4093c7L
R_EIP_401105_4_1e = 0x401106L
V_00_401106_0_1e = (R_EAX_401105_3_1e & 0xff)
R_EIP_401106_0_1e = 0x401106L
V_01_401106_1_1e = (R_EBX_40110d_4_1d & 0xff)
R_EIP_401106_1_1e = 0x401106L
V_02_401106_2_1e = (V_00_401106_0_1e - V_01_401106_1_1e)
R_EIP_401106_2_1e = 0x401106L
V_05_401106_3_1e = (R_EAX_401105_3_1e & 0xffffff00)
R_EIP_401106_3_1e = 0x401106L
V_06_401106_4_1e = (V_02_401106_2_1e | 0x0)
R_EIP_401106_4_1e = 0x401106L
R_EAX_401106_5_1e = (V_05_401106_3_1e | V_06_401106_4_1e)
R_EIP_401106_5_1e = 0x401108L
V_00_401108_0_1e = (R_EAX_401106_5_1e & 0xff)
R_EIP_401108_0_1e = 0x401108L
V_01_401108_1_1e = (R_EDX_40110b_4_1d & 0xff)
R_EIP_401108_1_1e = 0x401108L
V_02_401108_2_1e = (V_00_401108_0_1e ^ V_01_401108_1_1e)
R_EIP_401108_2_1e = 0x401108L
V_04_401108_3_1e = (R_EAX_401106_5_1e & 0xffffff00)
R_EIP_401108_3_1e = 0x401108L
V_05_401108_4_1e = (V_02_401108_2_1e | 0x0)
R_EIP_401108_4_1e = 0x401108L
R_EAX_401108_5_1e = (V_04_401108_3_1e | V_05_401108_4_1e)
R_EIP_401108_5_1e = 0x40110aL
V_01_40110a_0_1e = (R_EAX_401108_5_1e & 0xff)
R_EIP_40110a_0_1e = 0x40110aL
R_EIP_40110a_1_1e = 0x40110aL
R_EDI_40110a_2_1e = 0x12000feeL
R_EIP_40110a_2_1e = 0x40110bL
V_01_40110b_0_1e = 0x1fL
R_EIP_40110b_0_1e = 0x40110bL
V_02_40110b_1_1e = (R_EDX_40110b_4_1d >> 0x1f)
R_EIP_40110b_1_1e = 0x40110bL
V_03_40110b_2_1e = 0x1L
R_EIP_40110b_2_1e = 0x40110bL
V_04_40110b_3_1e = (R_EDX_40110b_4_1d << 0x1)
R_EIP_40110b_3_1e = 0x40110bL
R_EDX_40110b_4_1e = (V_04_40110b_3_1e | V_02_40110b_1_1e)
R_EIP_40110b_4_1e = 0x40110dL
V_01_40110d_0_1e = 0x1fL
R_EIP_40110d_0_1e = 0x40110dL
V_02_40110d_1_1e = (R_EBX_40110d_4_1d >> 0x1f)
R_EIP_40110d_1_1e = 0x40110dL
V_03_40110d_2_1e = 0x1L
R_EIP_40110d_2_1e = 0x40110dL
V_04_40110d_3_1e = (R_EBX_40110d_4_1d << 0x1)
R_EIP_40110d_3_1e = 0x40110dL
R_EBX_40110d_4_1e = (V_04_40110d_3_1e | V_02_40110d_1_1e)
R_EIP_40110d_4_1e = 0x40110fL
R_ECX_40110f_0_1e = 0x1L
R_EIP_40110f_0_1e = 0x40110fL
V_03_40110f_1_1e = 0x0
R_EIP_40110f_1_1e = 0x40110fL
V_02_40110f_2_1e = 0x1
R_EIP_40110f_2_1e = 0x40110fL
V_02_401105_0_1f = 0x1f
R_EIP_401105_0_1f = 0x401105L
V_03_401105_1_1f = (R_EAX_401108_5_1e & 0xffffff00)
R_EIP_401105_1_1f = 0x401105L
V_04_401105_2_1f = 0x1fL
R_EIP_401105_2_1f = 0x401105L
R_EAX_401105_3_1f = (V_03_401105_1_1f | 0x1f)
R_EIP_401105_3_1f = 0x401105L
R_ESI_401105_4_1f = 0x4093c8L
R_EIP_401105_4_1f = 0x401106L
V_00_401106_0_1f = (R_EAX_401105_3_1f & 0xff)
R_EIP_401106_0_1f = 0x401106L
V_01_401106_1_1f = (R_EBX_40110d_4_1e & 0xff)
R_EIP_401106_1_1f = 0x401106L
V_02_401106_2_1f = (V_00_401106_0_1f - V_01_401106_1_1f)
R_EIP_401106_2_1f = 0x401106L
V_05_401106_3_1f = (R_EAX_401105_3_1f & 0xffffff00)
R_EIP_401106_3_1f = 0x401106L
V_06_401106_4_1f = (V_02_401106_2_1f | 0x0)
R_EIP_401106_4_1f = 0x401106L
R_EAX_401106_5_1f = (V_05_401106_3_1f | V_06_401106_4_1f)
R_EIP_401106_5_1f = 0x401108L
V_00_401108_0_1f = (R_EAX_401106_5_1f & 0xff)
R_EIP_401108_0_1f = 0x401108L
V_01_401108_1_1f = (R_EDX_40110b_4_1e & 0xff)
R_EIP_401108_1_1f = 0x401108L
V_02_401108_2_1f = (V_00_401108_0_1f ^ V_01_401108_1_1f)
R_EIP_401108_2_1f = 0x401108L
V_04_401108_3_1f = (R_EAX_401106_5_1f & 0xffffff00)
R_EIP_401108_3_1f = 0x401108L
V_05_401108_4_1f = (V_02_401108_2_1f | 0x0)
R_EIP_401108_4_1f = 0x401108L
R_EAX_401108_5_1f = (V_04_401108_3_1f | V_05_401108_4_1f)
R_EIP_401108_5_1f = 0x40110aL
V_01_40110a_0_1f = (R_EAX_401108_5_1f & 0xff)
R_EIP_40110a_0_1f = 0x40110aL
R_EIP_40110a_1_1f = 0x40110aL
R_EDI_40110a_2_1f = 0x12000fefL
R_EIP_40110a_2_1f = 0x40110bL
V_01_40110b_0_1f = 0x1fL
R_EIP_40110b_0_1f = 0x40110bL
V_02_40110b_1_1f = (R_EDX_40110b_4_1e >> 0x1f)
R_EIP_40110b_1_1f = 0x40110bL
V_03_40110b_2_1f = 0x1L
R_EIP_40110b_2_1f = 0x40110bL
V_04_40110b_3_1f = (R_EDX_40110b_4_1e << 0x1)
R_EIP_40110b_3_1f = 0x40110bL
R_EDX_40110b_4_1f = (V_04_40110b_3_1f | V_02_40110b_1_1f)
R_EIP_40110b_4_1f = 0x40110dL
V_01_40110d_0_1f = 0x1fL
R_EIP_40110d_0_1f = 0x40110dL
V_02_40110d_1_1f = (R_EBX_40110d_4_1e >> 0x1f)
R_EIP_40110d_1_1f = 0x40110dL
V_03_40110d_2_1f = 0x1L
R_EIP_40110d_2_1f = 0x40110dL
V_04_40110d_3_1f = (R_EBX_40110d_4_1e << 0x1)
R_EIP_40110d_3_1f = 0x40110dL
R_EBX_40110d_4_1f = (V_04_40110d_3_1f | V_02_40110d_1_1f)
R_EIP_40110d_4_1f = 0x40110fL
R_ECX_40110f_0_1f = 0x0L
R_EIP_40110f_0_1f = 0x40110fL
V_03_40110f_1_1f = 0x1
R_EIP_40110f_1_1f = 0x40110fL
V_02_40110f_2_1f = 0x0
R_EIP_40110f_2_1f = 0x40110fL
R_EIP_40110f_3_0 = 0x40110fL
R_EIP_401111_0_0 = 0x401114L
R_ESP_401114_0_0 = 0x12000fc8L
R_EIP_401114_0_0 = 0x401114L
R_EIP_401114_1_0 = 0x401119L
R_EAX_401119_0_0 = 0x12000fcfL
R_EIP_401119_0_0 = 0x40111cL
R_ESP_40111c_0_0 = 0x12000fc4L
R_EIP_40111c_0_0 = 0x40111cL
R_EIP_40111c_1_0 = 0x40111dL
R_ESP_40111d_0_0 = 0x12000fc0L
R_EIP_40111d_0_0 = 0x40111dL
R_EIP_40111d_1_0 = 0x40111dL

